TN:
SF:packages/cli-interface/cli.ts
FN:11,(anonymous_0)
FN:16,showHelp
FN:88,showVersion
FN:92,main
FNF:4
FNH:0
FNDA:0,(anonymous_0)
FNDA:0,showHelp
FNDA:0,showVersion
FNDA:0,main
DA:3,0
DA:4,0
DA:7,0
DA:8,0
DA:11,0
DA:12,0
DA:13,0
DA:17,0
DA:89,0
DA:96,0
DA:99,0
DA:100,0
DA:101,0
DA:103,0
DA:104,0
DA:105,0
DA:109,0
DA:110,0
DA:111,0
DA:112,0
DA:115,0
DA:116,0
DA:118,0
DA:119,0
DA:120,0
DA:124,0
LF:26
LH:0
BRDA:99,0,0,0
BRDA:99,1,0,0
BRDA:99,1,1,0
BRDA:103,2,0,0
BRDA:103,3,0,0
BRDA:103,3,1,0
BRDA:109,4,0,0
BRF:7
BRH:0
end_of_record
TN:
SF:packages/cli-interface/commands/reset.ts
FN:3,resetCommand
FNF:1
FNH:0
FNDA:0,resetCommand
DA:1,0
DA:3,0
DA:10,0
DA:11,0
DA:14,0
DA:15,0
DA:16,0
DA:17,0
DA:18,0
DA:20,0
DA:21,0
DA:22,0
DA:25,0
DA:26,0
DA:28,0
DA:29,0
DA:30,0
DA:31,0
DA:32,0
DA:35,0
LF:20
LH:0
BRDA:15,0,0,0
BRDA:15,1,0,0
BRDA:15,1,1,0
BRDA:16,2,0,0
BRDA:16,3,0,0
BRDA:16,3,1,0
BRDA:17,4,0,0
BRDA:17,5,0,0
BRDA:17,5,1,0
BRDA:18,6,0,0
BRDA:18,7,0,0
BRDA:18,7,1,0
BRDA:20,8,0,0
BRDA:29,9,0,0
BRDA:29,9,1,0
BRDA:31,10,0,0
BRF:16
BRH:0
end_of_record
TN:
SF:packages/cli-interface/commands/config/exportConfig.ts
FN:3,exportConfigCommand
FNF:1
FNH:0
FNDA:0,exportConfigCommand
DA:1,0
DA:3,0
DA:4,0
DA:5,0
DA:6,0
DA:7,0
DA:8,0
DA:10,0
LF:8
LH:0
BRDA:7,0,0,0
BRDA:7,0,1,0
BRF:2
BRH:0
end_of_record
TN:
SF:packages/cli-interface/commands/config/importConfig.ts
FN:3,importConfigCommand
FNF:1
FNH:0
FNDA:0,importConfigCommand
DA:1,0
DA:3,0
DA:4,0
DA:5,0
DA:6,0
DA:7,0
DA:8,0
DA:10,0
LF:8
LH:0
BRDA:7,0,0,0
BRDA:7,0,1,0
BRF:2
BRH:0
end_of_record
TN:
SF:packages/cli-interface/commands/config/resetConfig.ts
FN:3,resetConfigCommand
FNF:1
FNH:0
FNDA:0,resetConfigCommand
DA:1,0
DA:3,0
DA:4,0
DA:5,0
DA:6,0
DA:7,0
DA:8,0
DA:10,0
LF:8
LH:0
BRDA:7,0,0,0
BRDA:7,0,1,0
BRF:2
BRH:0
end_of_record
TN:
SF:packages/cli-interface/commands/config/showConfig.ts
FN:3,showConfigCommand
FN:20,(anonymous_1)
FN:27,(anonymous_2)
FNF:3
FNH:0
FNDA:0,showConfigCommand
FNDA:0,(anonymous_1)
FNDA:0,(anonymous_2)
DA:1,0
DA:3,0
DA:4,0
DA:5,0
DA:6,0
DA:7,0
DA:8,0
DA:9,0
DA:10,0
DA:11,0
DA:12,0
DA:13,0
DA:14,0
DA:15,0
DA:16,0
DA:18,0
DA:19,0
DA:20,0
DA:21,0
DA:25,0
DA:26,0
DA:27,0
DA:28,0
DA:31,0
DA:33,0
LF:25
LH:0
BRDA:7,0,0,0
BRDA:7,0,1,0
BRDA:13,1,0,0
BRDA:13,1,1,0
BRDA:18,2,0,0
BRDA:18,3,0,0
BRDA:18,3,1,0
BRDA:21,4,0,0
BRDA:21,4,1,0
BRDA:25,5,0,0
BRDA:25,6,0,0
BRDA:25,6,1,0
BRF:12
BRH:0
end_of_record
TN:
SF:packages/cli-interface/commands/config/updateConfig.ts
FN:3,updateConfigCommand
FN:21,(anonymous_1)
FN:28,(anonymous_2)
FNF:3
FNH:0
FNDA:0,updateConfigCommand
FNDA:0,(anonymous_1)
FNDA:0,(anonymous_2)
DA:1,0
DA:3,0
DA:4,0
DA:5,0
DA:6,0
DA:7,0
DA:8,0
DA:9,0
DA:10,0
DA:11,0
DA:12,0
DA:13,0
DA:14,0
DA:15,0
DA:16,0
DA:17,0
DA:19,0
DA:20,0
DA:21,0
DA:22,0
DA:26,0
DA:27,0
DA:28,0
DA:29,0
DA:32,0
DA:34,0
LF:26
LH:0
BRDA:7,0,0,0
BRDA:7,0,1,0
BRDA:14,1,0,0
BRDA:14,1,1,0
BRDA:19,2,0,0
BRDA:19,3,0,0
BRDA:19,3,1,0
BRDA:22,4,0,0
BRDA:22,4,1,0
BRDA:26,5,0,0
BRDA:26,6,0,0
BRDA:26,6,1,0
BRF:12
BRH:0
end_of_record
TN:
SF:packages/cli-interface/commands/scripts/createScript.ts
FN:4,createScriptCommand
FNF:1
FNH:0
FNDA:0,createScriptCommand
DA:1,0
DA:2,0
DA:4,0
DA:5,0
DA:6,0
DA:8,0
DA:10,0
DA:12,0
DA:13,0
DA:15,0
DA:18,0
LF:11
LH:0
BRDA:12,0,0,0
BRDA:12,0,1,0
BRF:2
BRH:0
end_of_record
TN:
SF:packages/cli-interface/commands/scripts/deleteScript.ts
FN:4,deleteScriptCommand
FNF:1
FNH:0
FNDA:0,deleteScriptCommand
DA:1,0
DA:2,0
DA:4,0
DA:5,0
DA:6,0
DA:7,0
DA:9,0
DA:11,0
DA:13,0
DA:14,0
DA:15,0
DA:17,0
DA:18,0
LF:13
LH:0
BRDA:13,0,0,0
BRDA:13,0,1,0
BRF:2
BRH:0
end_of_record
TN:
SF:packages/cli-interface/commands/scripts/resumeScript.ts
FN:5,(anonymous_1)
FN:6,(anonymous_2)
FN:9,resumeScriptCommand
FN:37,(anonymous_4)
FN:45,(anonymous_5)
FN:62,(anonymous_6)
FN:80,(anonymous_7)
FN:87,(anonymous_8)
FNF:8
FNH:0
FNDA:0,(anonymous_1)
FNDA:0,(anonymous_2)
FNDA:0,resumeScriptCommand
FNDA:0,(anonymous_4)
FNDA:0,(anonymous_5)
FNDA:0,(anonymous_6)
FNDA:0,(anonymous_7)
FNDA:0,(anonymous_8)
DA:1,0
DA:2,0
DA:3,0
DA:5,0
DA:6,0
DA:9,0
DA:10,0
DA:11,0
DA:12,0
DA:13,0
DA:15,0
DA:17,0
DA:20,0
DA:22,0
DA:26,0
DA:27,0
DA:28,0
DA:31,0
DA:32,0
DA:37,0
DA:45,0
DA:46,0
DA:47,0
DA:48,0
DA:52,0
DA:56,0
DA:57,0
DA:58,0
DA:62,0
DA:63,0
DA:66,0
DA:67,0
DA:68,0
DA:72,0
DA:73,0
DA:75,0
DA:80,0
DA:87,0
DA:88,0
DA:89,0
DA:90,0
DA:94,0
DA:99,0
DA:100,0
DA:101,0
DA:104,0
DA:105,0
DA:108,0
DA:110,0
DA:111,0
DA:112,0
DA:114,0
DA:115,0
DA:119,0
LF:54
LH:0
BRDA:17,0,0,0
BRDA:17,0,1,0
BRDA:20,1,0,0
BRDA:20,1,1,0
BRDA:23,2,0,0
BRDA:23,2,1,0
BRDA:24,3,0,0
BRDA:24,3,1,0
BRDA:24,3,2,0
BRDA:26,4,0,0
BRDA:26,5,0,0
BRDA:26,5,1,0
BRDA:46,6,0,0
BRDA:53,7,0,0
BRDA:53,7,1,0
BRDA:54,8,0,0
BRDA:54,8,1,0
BRDA:54,8,2,0
BRDA:56,9,0,0
BRDA:66,10,0,0
BRDA:72,11,0,0
BRDA:72,11,1,0
BRDA:88,12,0,0
BRDA:99,13,0,0
BRDA:110,14,0,0
BRDA:110,14,1,0
BRF:26
BRH:0
end_of_record
TN:
SF:packages/cli-interface/commands/scripts/showScripts.ts
FN:4,showScriptsCommand
FN:41,(anonymous_1)
FN:63,(anonymous_2)
FN:70,(anonymous_3)
FN:89,(anonymous_4)
FN:90,(anonymous_5)
FNF:6
FNH:0
FNDA:0,showScriptsCommand
FNDA:0,(anonymous_1)
FNDA:0,(anonymous_2)
FNDA:0,(anonymous_3)
FNDA:0,(anonymous_4)
FNDA:0,(anonymous_5)
DA:1,0
DA:2,0
DA:4,0
DA:5,0
DA:6,0
DA:7,0
DA:9,0
DA:12,0
DA:13,0
DA:14,0
DA:16,0
DA:17,0
DA:20,0
DA:22,0
DA:23,0
DA:25,0
DA:27,0
DA:28,0
DA:29,0
DA:31,0
DA:33,0
DA:36,0
DA:40,0
DA:41,0
DA:42,0
DA:43,0
DA:45,0
DA:49,0
DA:50,0
DA:51,0
DA:52,0
DA:54,0
DA:55,0
DA:57,0
DA:60,0
DA:61,0
DA:63,0
DA:64,0
DA:68,0
DA:70,0
DA:71,0
DA:72,0
DA:73,0
DA:76,0
DA:77,0
DA:78,0
DA:79,0
DA:82,0
DA:84,0
DA:85,0
DA:87,0
DA:88,0
DA:89,0
DA:91,0
DA:95,0
DA:100,0
DA:102,0
DA:103,0
LF:58
LH:0
BRDA:13,0,0,0
BRDA:16,1,0,0
BRDA:16,2,0,0
BRDA:16,2,1,0
BRDA:20,3,0,0
BRDA:20,3,1,0
BRDA:22,4,0,0
BRDA:22,4,1,0
BRDA:27,5,0,0
BRDA:28,6,0,0
BRDA:28,6,1,0
BRDA:42,7,0,0
BRDA:49,8,0,0
BRDA:49,9,0,0
BRDA:49,9,1,0
BRDA:51,10,0,0
BRDA:54,11,0,0
BRDA:54,12,0,0
BRDA:54,12,1,0
BRDA:65,13,0,0
BRDA:65,13,1,0
BRDA:71,14,0,0
BRDA:71,14,1,0
BRDA:72,15,0,0
BRDA:72,15,1,0
BRDA:73,16,0,0
BRDA:73,16,1,0
BRDA:77,17,0,0
BRDA:78,18,0,0
BRDA:78,18,1,0
BRDA:79,19,0,0
BRDA:79,19,1,0
BRDA:82,20,0,0
BRDA:82,20,1,0
BRDA:85,21,0,0
BRDA:85,21,1,0
BRDA:85,22,0,0
BRDA:85,22,1,0
BRF:38
BRH:0
end_of_record
TN:
SF:packages/cli-interface/commands/scripts/updateScript.ts
FN:3,updateScriptCommand
FNF:1
FNH:0
FNDA:0,updateScriptCommand
DA:1,0
DA:3,0
DA:7,0
DA:8,0
DA:9,0
DA:11,0
DA:12,0
DA:13,0
DA:15,0
DA:18,0
LF:10
LH:0
BRDA:11,0,0,0
BRDA:11,0,1,0
BRF:2
BRH:0
end_of_record
TN:
SF:packages/cli-interface/commands/session/deleteSession.ts
FN:9,deleteSessionCommand
FN:36,(anonymous_2)
FNF:2
FNH:0
FNDA:0,deleteSessionCommand
FNDA:0,(anonymous_2)
DA:1,0
DA:6,0
DA:7,0
DA:9,0
DA:10,0
DA:11,0
DA:12,0
DA:13,0
DA:15,0
DA:17,0
DA:18,0
DA:19,0
DA:21,0
DA:23,0
DA:24,0
DA:25,0
DA:28,0
DA:30,0
DA:31,0
DA:32,0
DA:36,0
DA:41,0
DA:50,0
DA:54,0
DA:63,0
DA:64,0
DA:65,0
DA:69,0
DA:71,0
DA:73,0
DA:74,0
DA:75,0
DA:77,0
DA:78,0
DA:81,0
LF:35
LH:0
BRDA:17,0,0,0
BRDA:23,1,0,0
BRDA:30,2,0,0
BRDA:63,3,0,0
BRDA:73,4,0,0
BRDA:73,4,1,0
BRF:6
BRH:0
end_of_record
TN:
SF:packages/cli-interface/commands/session/saveSession.ts
FN:17,saveSessionCommand
FN:43,(anonymous_11)
FN:50,(anonymous_12)
FN:54,(anonymous_13)
FN:93,(anonymous_14)
FN:138,(anonymous_15)
FN:149,(anonymous_16)
FN:174,(anonymous_17)
FN:244,(anonymous_18)
FN:251,(anonymous_19)
FN:255,(anonymous_20)
FNF:11
FNH:0
FNDA:0,saveSessionCommand
FNDA:0,(anonymous_11)
FNDA:0,(anonymous_12)
FNDA:0,(anonymous_13)
FNDA:0,(anonymous_14)
FNDA:0,(anonymous_15)
FNDA:0,(anonymous_16)
FNDA:0,(anonymous_17)
FNDA:0,(anonymous_18)
FNDA:0,(anonymous_19)
FNDA:0,(anonymous_20)
DA:1,0
DA:8,0
DA:10,0
DA:17,0
DA:18,0
DA:19,0
DA:20,0
DA:22,0
DA:24,0
DA:25,0
DA:26,0
DA:27,0
DA:35,0
DA:36,0
DA:37,0
DA:40,0
DA:41,0
DA:42,0
DA:43,0
DA:50,0
DA:51,0
DA:52,0
DA:53,0
DA:54,0
DA:62,0
DA:66,0
DA:67,0
DA:79,0
DA:83,0
DA:84,0
DA:85,0
DA:86,0
DA:88,0
DA:91,0
DA:92,0
DA:93,0
DA:94,0
DA:97,0
DA:98,0
DA:99,0
DA:100,0
DA:101,0
DA:102,0
DA:103,0
DA:104,0
DA:106,0
DA:108,0
DA:109,0
DA:110,0
DA:111,0
DA:112,0
DA:115,0
DA:116,0
DA:117,0
DA:118,0
DA:119,0
DA:123,0
DA:132,0
DA:133,0
DA:139,0
DA:140,0
DA:142,0
DA:150,0
DA:151,0
DA:153,0
DA:159,0
DA:160,0
DA:161,0
DA:162,0
DA:164,0
DA:165,0
DA:169,0
DA:175,0
DA:176,0
DA:178,0
DA:183,0
DA:184,0
DA:185,0
DA:186,0
DA:189,0
DA:190,0
DA:191,0
DA:192,0
DA:193,0
DA:197,0
DA:209,0
DA:210,0
DA:211,0
DA:214,0
DA:215,0
DA:216,0
DA:217,0
DA:219,0
DA:221,0
DA:222,0
DA:225,0
DA:227,0
DA:228,0
DA:229,0
DA:230,0
DA:231,0
DA:237,0
DA:238,0
DA:241,0
DA:242,0
DA:243,0
DA:244,0
DA:251,0
DA:252,0
DA:253,0
DA:254,0
DA:255,0
DA:262,0
DA:266,0
DA:267,0
DA:279,0
LF:116
LH:0
BRDA:25,0,0,0
BRDA:25,1,0,0
BRDA:25,1,1,0
BRDA:35,2,0,0
BRDA:42,3,0,0
BRDA:42,3,1,0
BRDA:53,4,0,0
BRDA:53,4,1,0
BRDA:84,5,0,0
BRDA:91,6,0,0
BRDA:100,7,0,0
BRDA:100,7,1,0
BRDA:100,7,2,0
BRDA:102,8,0,0
BRDA:106,9,0,0
BRDA:106,9,1,0
BRDA:109,10,0,0
BRDA:115,11,0,0
BRDA:132,12,0,0
BRDA:132,12,1,0
BRDA:139,13,0,0
BRDA:150,14,0,0
BRDA:175,15,0,0
BRDA:185,16,0,0
BRDA:185,16,1,0
BRDA:209,17,0,0
BRDA:209,17,1,0
BRDA:214,18,0,0
BRDA:227,19,0,0
BRDA:229,20,0,0
BRDA:238,21,0,0
BRDA:243,22,0,0
BRDA:243,22,1,0
BRDA:254,23,0,0
BRDA:254,23,1,0
BRF:35
BRH:0
end_of_record
TN:
SF:packages/cli-interface/commands/session/updateSession.ts
FN:9,updateSessionCommand
FN:33,(anonymous_2)
FN:100,(anonymous_3)
FN:122,(anonymous_4)
FN:169,(anonymous_5)
FN:179,(anonymous_6)
FN:199,(anonymous_7)
FN:200,(anonymous_8)
FNF:8
FNH:0
FNDA:0,updateSessionCommand
FNDA:0,(anonymous_2)
FNDA:0,(anonymous_3)
FNDA:0,(anonymous_4)
FNDA:0,(anonymous_5)
FNDA:0,(anonymous_6)
FNDA:0,(anonymous_7)
FNDA:0,(anonymous_8)
DA:1,0
DA:2,0
DA:3,0
DA:9,0
DA:10,0
DA:11,0
DA:12,0
DA:13,0
DA:15,0
DA:17,0
DA:18,0
DA:19,0
DA:20,0
DA:22,0
DA:23,0
DA:24,0
DA:27,0
DA:28,0
DA:33,0
DA:39,0
DA:43,0
DA:44,0
DA:45,0
DA:49,0
DA:50,0
DA:51,0
DA:52,0
DA:55,0
DA:56,0
DA:57,0
DA:58,0
DA:59,0
DA:62,0
DA:63,0
DA:64,0
DA:65,0
DA:66,0
DA:74,0
DA:75,0
DA:76,0
DA:78,0
DA:83,0
DA:84,0
DA:85,0
DA:86,0
DA:87,0
DA:90,0
DA:91,0
DA:92,0
DA:93,0
DA:95,0
DA:98,0
DA:99,0
DA:100,0
DA:101,0
DA:105,0
DA:106,0
DA:107,0
DA:108,0
DA:110,0
DA:111,0
DA:112,0
DA:113,0
DA:116,0
DA:117,0
DA:123,0
DA:124,0
DA:126,0
DA:131,0
DA:132,0
DA:133,0
DA:134,0
DA:135,0
DA:136,0
DA:138,0
DA:139,0
DA:140,0
DA:141,0
DA:144,0
DA:145,0
DA:146,0
DA:147,0
DA:149,0
DA:150,0
DA:151,0
DA:152,0
DA:154,0
DA:159,0
DA:160,0
DA:161,0
DA:162,0
DA:166,0
DA:167,0
DA:168,0
DA:169,0
DA:176,0
DA:177,0
DA:178,0
DA:179,0
DA:186,0
DA:195,0
DA:199,0
DA:200,0
DA:208,0
DA:209,0
DA:210,0
DA:213,0
DA:214,0
DA:216,0
DA:217,0
DA:219,0
DA:220,0
DA:222,0
DA:223,0
DA:225,0
DA:226,0
DA:229,0
LF:117
LH:0
BRDA:18,0,0,0
BRDA:22,1,0,0
BRDA:22,2,0,0
BRDA:22,2,1,0
BRDA:39,3,0,0
BRDA:39,3,1,0
BRDA:43,4,0,0
BRDA:43,5,0,0
BRDA:43,5,1,0
BRDA:50,6,0,0
BRDA:63,7,0,0
BRDA:74,8,0,0
BRDA:74,8,1,0
BRDA:84,9,0,0
BRDA:84,10,0,0
BRDA:84,10,1,0
BRDA:91,11,0,0
BRDA:98,12,0,0
BRDA:108,13,0,0
BRDA:108,13,1,0
BRDA:108,13,2,0
BRDA:111,14,0,0
BRDA:116,15,0,0
BRDA:116,15,1,0
BRDA:123,16,0,0
BRDA:133,17,0,0
BRDA:139,18,0,0
BRDA:144,19,0,0
BRDA:149,20,0,0
BRDA:160,21,0,0
BRDA:168,22,0,0
BRDA:168,22,1,0
BRDA:178,23,0,0
BRDA:178,23,1,0
BRDA:188,24,0,0
BRDA:188,24,1,0
BRDA:204,25,0,0
BRDA:204,25,1,0
BRDA:205,26,0,0
BRDA:205,26,1,0
BRDA:208,27,0,0
BRDA:216,28,0,0
BRDA:219,29,0,0
BRDA:222,30,0,0
BRDA:222,31,0,0
BRDA:222,31,1,0
BRDA:225,32,0,0
BRDA:225,33,0,0
BRDA:225,33,1,0
BRF:49
BRH:0
end_of_record
TN:
SF:packages/cli-interface/commands/session/utils.ts
FN:5,promptSessionDetails
FN:18,(anonymous_2)
FN:82,promptDirtyState
FN:98,getCurrentGitState
FN:116,handleSessionSave
FN:149,(anonymous_6)
FN:150,(anonymous_7)
FNF:7
FNH:0
FNDA:0,promptSessionDetails
FNDA:0,(anonymous_2)
FNDA:0,promptDirtyState
FNDA:0,getCurrentGitState
FNDA:0,handleSessionSave
FNDA:0,(anonymous_6)
FNDA:0,(anonymous_7)
DA:2,0
DA:3,0
DA:5,0
DA:12,0
DA:19,0
DA:20,0
DA:22,0
DA:40,0
DA:41,0
DA:51,0
DA:52,0
DA:61,0
DA:64,0
DA:65,0
DA:69,0
DA:70,0
DA:73,0
DA:82,0
DA:83,0
DA:87,0
DA:88,0
DA:98,0
DA:99,0
DA:100,0
DA:101,0
DA:103,0
DA:104,0
DA:105,0
DA:108,0
DA:116,0
DA:140,0
DA:141,0
DA:143,0
DA:149,0
DA:150,0
DA:158,0
DA:159,0
DA:160,0
DA:164,0
DA:165,0
DA:167,0
LF:41
LH:0
BRDA:17,0,0,0
BRDA:17,0,1,0
BRDA:19,1,0,0
BRDA:29,2,0,0
BRDA:29,2,1,0
BRDA:35,3,0,0
BRDA:35,3,1,0
BRDA:40,4,0,0
BRDA:40,5,0,0
BRDA:40,5,1,0
BRDA:51,6,0,0
BRDA:51,7,0,0
BRDA:51,7,1,0
BRDA:64,8,0,0
BRDA:69,9,0,0
BRDA:103,10,0,0
BRDA:103,11,0,0
BRDA:103,11,1,0
BRDA:103,11,2,0
BRDA:146,12,0,0
BRDA:146,12,1,0
BRDA:154,13,0,0
BRDA:154,13,1,0
BRDA:155,14,0,0
BRDA:155,14,1,0
BRDA:158,15,0,0
BRDA:158,15,1,0
BRF:27
BRH:0
end_of_record
TN:
SF:packages/cli-interface/commands/terminals/deleteTerminalCollection.ts
FN:4,deleteTerminalCollectionCommand
FNF:1
FNH:0
FNDA:0,deleteTerminalCollectionCommand
DA:1,0
DA:2,0
DA:4,0
DA:5,0
DA:6,0
DA:7,0
DA:9,0
DA:10,0
DA:12,0
DA:14,0
DA:15,0
DA:16,0
DA:18,0
DA:19,0
DA:20,0
DA:23,0
DA:24,0
DA:25,0
LF:18
LH:0
BRDA:14,0,0,0
BRDA:14,0,1,0
BRDA:15,1,0,0
BRDA:15,1,1,0
BRDA:16,2,0,0
BRDA:16,2,1,0
BRF:6
BRH:0
end_of_record
TN:
SF:packages/cli-interface/commands/terminals/getTerminalCollection.ts
FN:4,getTerminalCollectionCommand
FN:46,(anonymous_1)
FN:68,(anonymous_2)
FN:76,(anonymous_3)
FN:82,(anonymous_4)
FN:101,(anonymous_5)
FN:102,(anonymous_6)
FNF:7
FNH:0
FNDA:0,getTerminalCollectionCommand
FNDA:0,(anonymous_1)
FNDA:0,(anonymous_2)
FNDA:0,(anonymous_3)
FNDA:0,(anonymous_4)
FNDA:0,(anonymous_5)
FNDA:0,(anonymous_6)
DA:1,0
DA:2,0
DA:4,0
DA:5,0
DA:6,0
DA:7,0
DA:9,0
DA:12,0
DA:13,0
DA:14,0
DA:16,0
DA:17,0
DA:20,0
DA:22,0
DA:23,0
DA:24,0
DA:25,0
DA:28,0
DA:30,0
DA:32,0
DA:33,0
DA:34,0
DA:36,0
DA:38,0
DA:41,0
DA:45,0
DA:46,0
DA:47,0
DA:48,0
DA:50,0
DA:54,0
DA:55,0
DA:56,0
DA:57,0
DA:59,0
DA:60,0
DA:62,0
DA:65,0
DA:66,0
DA:68,0
DA:69,0
DA:74,0
DA:76,0
DA:77,0
DA:78,0
DA:79,0
DA:81,0
DA:82,0
DA:83,0
DA:84,0
DA:85,0
DA:88,0
DA:89,0
DA:90,0
DA:91,0
DA:94,0
DA:96,0
DA:97,0
DA:99,0
DA:100,0
DA:101,0
DA:103,0
DA:107,0
DA:114,0
LF:64
LH:0
BRDA:13,0,0,0
BRDA:16,1,0,0
BRDA:16,2,0,0
BRDA:16,2,1,0
BRDA:20,3,0,0
BRDA:20,3,1,0
BRDA:22,4,0,0
BRDA:32,5,0,0
BRDA:33,6,0,0
BRDA:33,6,1,0
BRDA:47,7,0,0
BRDA:54,8,0,0
BRDA:54,9,0,0
BRDA:54,9,1,0
BRDA:56,10,0,0
BRDA:59,11,0,0
BRDA:59,12,0,0
BRDA:59,12,1,0
BRDA:71,13,0,0
BRDA:71,13,1,0
BRDA:81,14,0,0
BRDA:83,15,0,0
BRDA:83,15,1,0
BRDA:84,16,0,0
BRDA:84,16,1,0
BRDA:85,17,0,0
BRDA:85,17,1,0
BRDA:89,18,0,0
BRDA:90,19,0,0
BRDA:90,19,1,0
BRDA:91,20,0,0
BRDA:91,20,1,0
BRDA:94,21,0,0
BRDA:94,21,1,0
BRDA:97,22,0,0
BRDA:97,22,1,0
BRDA:97,23,0,0
BRDA:97,23,1,0
BRF:38
BRH:0
end_of_record
TN:
SF:packages/cli-interface/tui/config/cliHandler.ts
FN:8,showConfigHelp
FN:34,handleConfigCommand
FNF:2
FNH:0
FNDA:0,showConfigHelp
FNDA:0,handleConfigCommand
DA:1,0
DA:2,0
DA:3,0
DA:4,0
DA:5,0
DA:6,0
DA:9,0
DA:10,0
DA:34,0
DA:38,0
DA:41,0
DA:42,0
DA:43,0
DA:46,0
DA:48,0
DA:49,0
DA:52,0
DA:53,0
DA:55,0
DA:56,0
DA:58,0
DA:59,0
DA:62,0
DA:63,0
DA:64,0
DA:65,0
DA:66,0
DA:68,0
DA:70,0
DA:71,0
DA:73,0
DA:74,0
DA:77,0
LF:33
LH:0
BRDA:41,0,0,0
BRDA:46,1,0,0
BRDA:46,1,1,0
BRDA:46,1,2,0
BRDA:46,1,3,0
BRDA:46,1,4,0
BRDA:46,1,5,0
BRDA:63,2,0,0
BRDA:63,3,0,0
BRDA:63,3,1,0
BRF:10
BRH:0
end_of_record
TN:
SF:packages/cli-interface/tui/config/exportConfigTui.ts
FN:6,exportConfigTui
FN:18,(anonymous_11)
FNF:2
FNH:0
FNDA:0,exportConfigTui
FNDA:0,(anonymous_11)
DA:1,0
DA:2,0
DA:3,0
DA:4,0
DA:6,0
DA:7,0
DA:8,0
DA:15,0
DA:16,0
DA:18,0
DA:19,0
DA:20,0
DA:22,0
DA:25,0
DA:26,0
DA:27,0
DA:28,0
DA:29,0
DA:30,0
DA:31,0
LF:20
LH:0
BRDA:19,0,0,0
BRDA:19,0,1,0
BRDA:19,1,0,0
BRDA:19,1,1,0
BRDA:20,2,0,0
BRDA:20,2,1,0
BRDA:27,3,0,0
BRDA:27,3,1,0
BRDA:27,4,0,0
BRDA:27,4,1,0
BRDA:30,5,0,0
BRF:11
BRH:0
end_of_record
TN:
SF:packages/cli-interface/tui/config/importConfigTui.ts
FN:5,importConfigTui
FNF:1
FNH:0
FNDA:0,importConfigTui
DA:1,0
DA:2,0
DA:3,0
DA:5,0
DA:6,0
DA:9,0
DA:10,0
DA:11,0
DA:14,0
DA:16,0
DA:19,0
DA:21,0
LF:12
LH:0
BRDA:10,0,0,0
BRDA:10,0,1,0
BRF:2
BRH:0
end_of_record
TN:
SF:packages/cli-interface/tui/config/resetConfigTui.ts
FN:4,resetConfigTui
FNF:1
FNH:0
FNDA:0,resetConfigTui
DA:1,0
DA:2,0
DA:4,0
DA:5,0
DA:8,0
DA:9,0
LF:6
LH:0
BRDA:8,0,0,0
BRF:1
BRH:0
end_of_record
TN:
SF:packages/cli-interface/tui/config/showConfigTui.ts
FN:3,showConfigTui
FNF:1
FNH:0
FNDA:0,showConfigTui
DA:1,0
DA:3,0
DA:4,0
LF:3
LH:0
BRF:0
BRH:0
end_of_record
TN:
SF:packages/cli-interface/tui/config/updateConfigTui.ts
FN:5,updateConfigTui
FNF:1
FNH:0
FNDA:0,updateConfigTui
DA:1,0
DA:3,0
DA:5,0
DA:6,0
DA:15,0
DA:16,0
DA:17,0
DA:25,0
DA:27,0
DA:31,0
LF:10
LH:0
BRDA:16,0,0,0
BRF:1
BRH:0
end_of_record
TN:
SF:packages/cli-interface/tui/reset/cliHandler.ts
FN:5,handleResetCommand
FN:48,showResetHelp
FNF:2
FNH:0
FNDA:0,handleResetCommand
FNDA:0,showResetHelp
DA:1,0
DA:2,0
DA:3,0
DA:5,0
DA:6,0
DA:9,0
DA:10,0
DA:11,0
DA:15,0
DA:17,0
DA:18,0
DA:19,0
DA:20,0
DA:21,0
DA:22,0
DA:23,0
DA:24,0
DA:25,0
DA:26,0
DA:27,0
DA:28,0
DA:30,0
DA:32,0
DA:33,0
DA:34,0
DA:39,0
DA:40,0
DA:41,0
DA:45,0
DA:49,0
DA:50,0
LF:31
LH:0
BRDA:9,0,0,0
BRDA:9,1,0,0
BRDA:9,1,1,0
BRDA:18,2,0,0
BRDA:18,2,1,0
BRDA:18,3,0,0
BRDA:18,3,1,0
BRDA:20,4,0,0
BRDA:20,4,1,0
BRDA:20,5,0,0
BRDA:20,5,1,0
BRDA:22,6,0,0
BRDA:22,6,1,0
BRDA:22,7,0,0
BRDA:22,7,1,0
BRDA:24,8,0,0
BRDA:24,8,1,0
BRDA:24,9,0,0
BRDA:24,9,1,0
BRDA:26,10,0,0
BRDA:26,10,1,0
BRDA:26,11,0,0
BRDA:26,11,1,0
BRDA:28,12,0,0
BRDA:28,12,1,0
BRDA:28,13,0,0
BRDA:28,13,1,0
BRDA:39,14,0,0
BRF:28
BRH:0
end_of_record
TN:
SF:packages/cli-interface/tui/reset/resetTui.ts
FN:4,resetTui
FN:25,(anonymous_2)
FN:50,(anonymous_3)
FN:58,(anonymous_4)
FNF:4
FNH:0
FNDA:0,resetTui
FNDA:0,(anonymous_2)
FNDA:0,(anonymous_3)
FNDA:0,(anonymous_4)
DA:1,0
DA:2,0
DA:4,0
DA:5,0
DA:7,0
DA:8,0
DA:9,0
DA:10,0
DA:11,0
DA:13,0
DA:26,0
DA:27,0
DA:29,0
DA:40,0
DA:41,0
DA:42,0
DA:46,0
DA:47,0
DA:48,0
DA:50,0
DA:51,0
DA:52,0
DA:58,0
DA:59,0
DA:61,0
DA:70,0
DA:71,0
DA:72,0
DA:76,0
DA:77,0
DA:79,0
DA:80,0
DA:81,0
DA:82,0
DA:85,0
LF:35
LH:0
BRDA:26,0,0,0
BRDA:40,1,0,0
BRDA:47,2,0,0
BRDA:47,2,1,0
BRDA:51,3,0,0
BRDA:70,4,0,0
BRDA:79,5,0,0
BRDA:79,5,1,0
BRDA:81,6,0,0
BRF:9
BRH:0
end_of_record
TN:
SF:packages/cli-interface/tui/scripts/cliHandler.ts
FN:11,showScriptsHelp
FN:81,handleScriptCommand
FN:130,handleShowCommand
FN:161,(anonymous_3)
FN:162,(anonymous_4)
FN:182,handleResumeCommand
FN:214,(anonymous_6)
FN:215,(anonymous_7)
FNF:8
FNH:0
FNDA:0,showScriptsHelp
FNDA:0,handleScriptCommand
FNDA:0,handleShowCommand
FNDA:0,(anonymous_3)
FNDA:0,(anonymous_4)
FNDA:0,handleResumeCommand
FNDA:0,(anonymous_6)
FNDA:0,(anonymous_7)
DA:1,0
DA:2,0
DA:3,0
DA:4,0
DA:5,0
DA:6,0
DA:7,0
DA:8,0
DA:9,0
DA:12,0
DA:13,0
DA:81,0
DA:85,0
DA:88,0
DA:89,0
DA:90,0
DA:94,0
DA:95,0
DA:96,0
DA:99,0
DA:101,0
DA:102,0
DA:104,0
DA:105,0
DA:107,0
DA:108,0
DA:110,0
DA:111,0
DA:113,0
DA:114,0
DA:116,0
DA:117,0
DA:119,0
DA:120,0
DA:122,0
DA:123,0
DA:126,0
DA:131,0
DA:135,0
DA:139,0
DA:140,0
DA:142,0
DA:144,0
DA:146,0
DA:147,0
DA:150,0
DA:151,0
DA:153,0
DA:155,0
DA:157,0
DA:159,0
DA:161,0
DA:162,0
DA:163,0
DA:165,0
DA:166,0
DA:172,0
DA:174,0
DA:175,0
DA:178,0
DA:183,0
DA:188,0
DA:192,0
DA:193,0
DA:195,0
DA:197,0
DA:199,0
DA:200,0
DA:203,0
DA:204,0
DA:206,0
DA:208,0
DA:210,0
DA:212,0
DA:214,0
DA:215,0
DA:216,0
DA:218,0
DA:219,0
DA:221,0
DA:223,0
DA:228,0
DA:230,0
DA:231,0
DA:233,0
DA:234,0
DA:236,0
DA:237,0
DA:239,0
DA:242,0
LF:90
LH:0
BRDA:88,0,0,0
BRDA:94,1,0,0
BRDA:94,2,0,0
BRDA:94,2,1,0
BRDA:99,3,0,0
BRDA:99,3,1,0
BRDA:99,3,2,0
BRDA:99,3,3,0
BRDA:99,3,4,0
BRDA:99,3,5,0
BRDA:99,3,6,0
BRDA:99,3,7,0
BRDA:142,4,0,0
BRDA:142,4,1,0
BRDA:144,5,0,0
BRDA:144,5,1,0
BRDA:144,6,0,0
BRDA:144,6,1,0
BRDA:153,7,0,0
BRDA:155,8,0,0
BRDA:155,8,1,0
BRDA:155,9,0,0
BRDA:155,9,1,0
BRDA:172,10,0,0
BRDA:172,10,1,0
BRDA:172,11,0,0
BRDA:172,11,1,0
BRDA:174,12,0,0
BRDA:174,12,1,0
BRDA:195,13,0,0
BRDA:195,13,1,0
BRDA:197,14,0,0
BRDA:197,14,1,0
BRDA:197,15,0,0
BRDA:197,15,1,0
BRDA:206,16,0,0
BRDA:206,16,1,0
BRDA:208,17,0,0
BRDA:208,17,1,0
BRDA:208,18,0,0
BRDA:208,18,1,0
BRDA:221,19,0,0
BRDA:221,20,0,0
BRDA:221,20,1,0
BRDA:228,21,0,0
BRDA:228,21,1,0
BRDA:228,22,0,0
BRDA:228,22,1,0
BRDA:231,23,0,0
BRDA:231,23,1,0
BRDA:231,24,0,0
BRDA:231,24,1,0
BRDA:234,25,0,0
BRDA:234,25,1,0
BRDA:237,26,0,0
BRDA:237,26,1,0
BRDA:237,27,0,0
BRDA:237,27,1,0
BRF:58
BRH:0
end_of_record
TN:
SF:packages/cli-interface/tui/scripts/createScriptTui.ts
FN:7,createScriptTui
FN:11,createScriptsInteractively
FN:22,(anonymous_3)
FN:30,(anonymous_4)
FN:54,(anonymous_5)
FN:82,(anonymous_6)
FN:121,(anonymous_7)
FN:128,(anonymous_8)
FN:172,(anonymous_9)
FNF:9
FNH:0
FNDA:0,createScriptTui
FNDA:0,createScriptsInteractively
FNDA:0,(anonymous_3)
FNDA:0,(anonymous_4)
FNDA:0,(anonymous_5)
FNDA:0,(anonymous_6)
FNDA:0,(anonymous_7)
FNDA:0,(anonymous_8)
FNDA:0,(anonymous_9)
DA:1,0
DA:3,0
DA:4,0
DA:5,0
DA:7,0
DA:8,0
DA:12,0
DA:13,0
DA:14,0
DA:16,0
DA:17,0
DA:23,0
DA:31,0
DA:47,0
DA:49,0
DA:55,0
DA:60,0
DA:82,0
DA:87,0
DA:100,0
DA:111,0
DA:112,0
DA:113,0
DA:115,0
DA:116,0
DA:122,0
DA:129,0
DA:139,0
DA:145,0
DA:146,0
DA:150,0
DA:172,0
DA:177,0
DA:190,0
DA:202,0
DA:203,0
DA:205,0
DA:206,0
DA:208,0
DA:210,0
DA:218,0
DA:219,0
DA:224,0
DA:233,0
DA:235,0
DA:236,0
DA:240,0
LF:47
LH:0
BRDA:23,0,0,0
BRDA:23,0,1,0
BRDA:31,1,0,0
BRDA:31,1,1,0
BRDA:47,2,0,0
BRDA:47,2,1,0
BRDA:55,3,0,0
BRDA:55,3,1,0
BRDA:82,4,0,0
BRDA:82,4,1,0
BRDA:122,5,0,0
BRDA:122,5,1,0
BRDA:129,6,0,0
BRDA:129,6,1,0
BRDA:172,7,0,0
BRDA:172,7,1,0
BRDA:205,8,0,0
BRDA:205,8,1,0
BRDA:218,9,0,0
BRDA:235,10,0,0
BRF:20
BRH:0
end_of_record
TN:
SF:packages/cli-interface/tui/scripts/deleteScriptTui.ts
FN:5,deleteScriptTui
FN:22,(anonymous_2)
FNF:2
FNH:0
FNDA:0,deleteScriptTui
FNDA:0,(anonymous_2)
DA:1,0
DA:2,0
DA:3,0
DA:5,0
DA:6,0
DA:7,0
DA:10,0
DA:11,0
DA:12,0
DA:13,0
DA:16,0
DA:17,0
DA:22,0
DA:35,0
DA:36,0
DA:38,0
LF:16
LH:0
BRDA:11,0,0,0
BRDA:11,1,0,0
BRDA:11,1,1,0
BRDA:35,2,0,0
BRDA:35,2,1,0
BRF:5
BRH:0
end_of_record
TN:
SF:packages/cli-interface/tui/scripts/exportScriptsTui.ts
FN:6,exportScriptsTui
FN:42,(anonymous_2)
FN:175,showScriptSelection
FN:196,(anonymous_4)
FN:208,(anonymous_5)
FN:213,(anonymous_6)
FN:234,(anonymous_7)
FNF:7
FNH:0
FNDA:0,exportScriptsTui
FNDA:0,(anonymous_2)
FNDA:0,showScriptSelection
FNDA:0,(anonymous_4)
FNDA:0,(anonymous_5)
FNDA:0,(anonymous_6)
FNDA:0,(anonymous_7)
DA:1,0
DA:2,0
DA:3,0
DA:4,0
DA:6,0
DA:7,0
DA:9,0
DA:11,0
DA:13,0
DA:28,0
DA:30,0
DA:32,0
DA:33,0
DA:36,0
DA:42,0
DA:45,0
DA:49,0
DA:53,0
DA:54,0
DA:55,0
DA:56,0
DA:58,0
DA:62,0
DA:65,0
DA:77,0
DA:81,0
DA:84,0
DA:104,0
DA:105,0
DA:106,0
DA:108,0
DA:109,0
DA:111,0
DA:115,0
DA:124,0
DA:125,0
DA:129,0
DA:130,0
DA:132,0
DA:133,0
DA:135,0
DA:136,0
DA:138,0
DA:139,0
DA:141,0
DA:142,0
DA:146,0
DA:155,0
DA:156,0
DA:157,0
DA:161,0
DA:162,0
DA:164,0
DA:165,0
DA:167,0
DA:171,0
DA:176,0
DA:178,0
DA:180,0
DA:181,0
DA:183,0
DA:184,0
DA:185,0
DA:188,0
DA:190,0
DA:191,0
DA:192,0
DA:196,0
DA:197,0
DA:198,0
DA:199,0
DA:201,0
DA:202,0
DA:206,0
DA:208,0
DA:210,0
DA:213,0
DA:214,0
DA:218,0
DA:227,0
DA:235,0
DA:236,0
DA:238,0
DA:243,0
DA:246,0
DA:247,0
LF:86
LH:0
BRDA:30,0,0,0
BRDA:30,0,1,0
BRDA:30,0,2,0
BRDA:30,0,3,0
BRDA:30,0,4,0
BRDA:42,1,0,0
BRDA:42,1,1,0
BRDA:54,2,0,0
BRDA:105,3,0,0
BRDA:108,4,0,0
BRDA:124,5,0,0
BRDA:132,6,0,0
BRDA:135,7,0,0
BRDA:138,8,0,0
BRDA:141,9,0,0
BRDA:155,10,0,0
BRDA:164,11,0,0
BRDA:164,11,1,0
BRDA:183,12,0,0
BRDA:190,13,0,0
BRDA:198,14,0,0
BRDA:214,15,0,0
BRDA:214,15,1,0
BRDA:214,16,0,0
BRDA:214,16,1,0
BRDA:235,17,0,0
BRDA:243,18,0,0
BRDA:243,18,1,0
BRF:28
BRH:0
end_of_record
TN:
SF:packages/cli-interface/tui/scripts/importScriptsTui.ts
FN:7,importScriptsTui
FN:36,(anonymous_11)
FN:48,(anonymous_12)
FN:68,(anonymous_13)
FN:87,(anonymous_14)
FN:134,(anonymous_15)
FNF:6
FNH:0
FNDA:0,importScriptsTui
FNDA:0,(anonymous_11)
FNDA:0,(anonymous_12)
FNDA:0,(anonymous_13)
FNDA:0,(anonymous_14)
FNDA:0,(anonymous_15)
DA:1,0
DA:2,0
DA:3,0
DA:4,0
DA:5,0
DA:7,0
DA:8,0
DA:10,0
DA:12,0
DA:14,0
DA:27,0
DA:28,0
DA:30,0
DA:32,0
DA:34,0
DA:35,0
DA:36,0
DA:38,0
DA:39,0
DA:40,0
DA:43,0
DA:48,0
DA:55,0
DA:57,0
DA:58,0
DA:60,0
DA:63,0
DA:69,0
DA:70,0
DA:71,0
DA:73,0
DA:78,0
DA:79,0
DA:82,0
DA:88,0
DA:89,0
DA:90,0
DA:92,0
DA:98,0
DA:101,0
DA:102,0
DA:103,0
DA:104,0
DA:105,0
DA:108,0
DA:109,0
DA:110,0
DA:114,0
DA:115,0
DA:116,0
DA:117,0
DA:119,0
DA:120,0
DA:121,0
DA:123,0
DA:124,0
DA:125,0
DA:126,0
DA:131,0
DA:132,0
DA:133,0
DA:134,0
DA:135,0
DA:137,0
DA:138,0
DA:142,0
DA:143,0
DA:148,0
DA:167,0
DA:173,0
DA:174,0
DA:175,0
DA:176,0
DA:178,0
DA:187,0
DA:188,0
DA:189,0
DA:193,0
DA:194,0
DA:196,0
DA:197,0
DA:200,0
DA:201,0
DA:210,0
DA:211,0
DA:212,0
DA:214,0
DA:215,0
DA:217,0
DA:222,0
DA:226,0
DA:227,0
DA:228,0
DA:235,0
LF:94
LH:0
BRDA:30,0,0,0
BRDA:30,0,1,0
BRDA:30,0,2,0
BRDA:32,1,0,0
BRDA:32,1,1,0
BRDA:32,1,2,0
BRDA:38,2,0,0
BRDA:108,3,0,0
BRDA:108,4,0,0
BRDA:108,4,1,0
BRDA:114,5,0,0
BRDA:121,6,0,0
BRDA:121,6,1,0
BRDA:121,6,2,0
BRDA:123,7,0,0
BRDA:125,8,0,0
BRDA:131,9,0,0
BRDA:131,9,1,0
BRDA:131,9,2,0
BRDA:132,10,0,0
BRDA:135,11,0,0
BRDA:135,11,1,0
BRDA:135,12,0,0
BRDA:135,12,1,0
BRDA:137,13,0,0
BRDA:174,14,0,0
BRDA:174,14,1,0
BRDA:176,15,0,0
BRDA:176,15,1,0
BRDA:187,16,0,0
BRDA:196,17,0,0
BRDA:196,17,1,0
BRDA:200,18,0,0
BRDA:200,19,0,0
BRDA:200,19,1,0
BRDA:210,20,0,0
BRDA:214,21,0,0
BRDA:214,21,1,0
BRDA:226,22,0,0
BRDA:226,23,0,0
BRDA:226,23,1,0
BRF:41
BRH:0
end_of_record
TN:
SF:packages/cli-interface/tui/scripts/resumeScriptTui.ts
FN:3,resumeScriptTui
FNF:1
FNH:0
FNDA:0,resumeScriptTui
DA:1,0
DA:3,0
DA:5,0
DA:6,0
LF:4
LH:0
BRDA:5,0,0,0
BRDA:5,0,1,0
BRF:2
BRH:0
end_of_record
TN:
SF:packages/cli-interface/tui/scripts/showScriptsTui.ts
FN:3,showScriptsTui
FNF:1
FNH:0
FNDA:0,showScriptsTui
DA:1,0
DA:3,0
DA:4,0
LF:3
LH:0
BRF:0
BRH:0
end_of_record
TN:
SF:packages/cli-interface/tui/scripts/updateScriptTui.ts
FN:5,updateScriptTui
FN:25,(anonymous_2)
FN:32,(anonymous_3)
FN:48,(anonymous_4)
FN:49,(anonymous_5)
FN:92,(anonymous_6)
FN:145,updateBasicProperties
FN:202,manageCommands
FN:242,modifyExistingCommands
FN:252,(anonymous_10)
FN:289,deleteSpecificCommands
FN:295,(anonymous_12)
FN:303,(anonymous_13)
FN:306,createNewCommands
FN:317,(anonymous_15)
FN:323,(anonymous_16)
FN:346,replaceEntireScript
FN:365,(anonymous_18)
FNF:18
FNH:0
FNDA:0,updateScriptTui
FNDA:0,(anonymous_2)
FNDA:0,(anonymous_3)
FNDA:0,(anonymous_4)
FNDA:0,(anonymous_5)
FNDA:0,(anonymous_6)
FNDA:0,updateBasicProperties
FNDA:0,manageCommands
FNDA:0,modifyExistingCommands
FNDA:0,(anonymous_10)
FNDA:0,deleteSpecificCommands
FNDA:0,(anonymous_12)
FNDA:0,(anonymous_13)
FNDA:0,createNewCommands
FNDA:0,(anonymous_15)
FNDA:0,(anonymous_16)
FNDA:0,replaceEntireScript
FNDA:0,(anonymous_18)
DA:1,0
DA:2,0
DA:3,0
DA:5,0
DA:6,0
DA:7,0
DA:9,0
DA:11,0
DA:13,0
DA:14,0
DA:15,0
DA:16,0
DA:19,0
DA:20,0
DA:25,0
DA:32,0
DA:33,0
DA:34,0
DA:35,0
DA:39,0
DA:40,0
DA:41,0
DA:43,0
DA:44,0
DA:45,0
DA:46,0
DA:47,0
DA:48,0
DA:50,0
DA:54,0
DA:55,0
DA:56,0
DA:59,0
DA:72,0
DA:74,0
DA:76,0
DA:77,0
DA:79,0
DA:80,0
DA:82,0
DA:86,0
DA:87,0
DA:88,0
DA:91,0
DA:92,0
DA:93,0
DA:94,0
DA:96,0
DA:101,0
DA:110,0
DA:111,0
DA:112,0
DA:116,0
DA:117,0
DA:119,0
DA:121,0
DA:123,0
DA:126,0
DA:135,0
DA:136,0
DA:141,0
DA:146,0
DA:159,0
DA:160,0
DA:161,0
DA:169,0
DA:170,0
DA:172,0
DA:173,0
DA:181,0
DA:182,0
DA:184,0
DA:185,0
DA:197,0
DA:203,0
DA:205,0
DA:206,0
DA:207,0
DA:210,0
DA:225,0
DA:226,0
DA:227,0
DA:228,0
DA:229,0
DA:230,0
DA:231,0
DA:232,0
DA:233,0
DA:234,0
DA:235,0
DA:236,0
DA:237,0
DA:238,0
DA:243,0
DA:245,0
DA:246,0
DA:252,0
DA:261,0
DA:263,0
DA:264,0
DA:279,0
DA:286,0
DA:290,0
DA:295,0
DA:303,0
DA:307,0
DA:308,0
DA:309,0
DA:311,0
DA:312,0
DA:317,0
DA:323,0
DA:333,0
DA:339,0
DA:340,0
DA:343,0
DA:347,0
DA:359,0
DA:360,0
DA:365,0
DA:369,0
DA:370,0
DA:372,0
DA:373,0
DA:374,0
DA:378,0
DA:379,0
LF:127
LH:0
BRDA:14,0,0,0
BRDA:14,1,0,0
BRDA:14,1,1,0
BRDA:33,2,0,0
BRDA:41,3,0,0
BRDA:41,3,1,0
BRDA:43,4,0,0
BRDA:43,4,1,0
BRDA:45,5,0,0
BRDA:45,6,0,0
BRDA:45,6,1,0
BRDA:54,7,0,0
BRDA:54,7,1,0
BRDA:55,8,0,0
BRDA:55,8,1,0
BRDA:56,9,0,0
BRDA:56,9,1,0
BRDA:56,10,0,0
BRDA:56,10,1,0
BRDA:74,11,0,0
BRDA:74,11,1,0
BRDA:77,12,0,0
BRDA:77,12,1,0
BRDA:80,13,0,0
BRDA:86,14,0,0
BRDA:93,15,0,0
BRDA:93,15,1,0
BRDA:94,16,0,0
BRDA:94,16,1,0
BRDA:110,17,0,0
BRDA:119,18,0,0
BRDA:119,18,1,0
BRDA:135,19,0,0
BRDA:154,20,0,0
BRDA:154,20,1,0
BRDA:160,21,0,0
BRDA:160,21,1,0
BRDA:169,22,0,0
BRDA:169,23,0,0
BRDA:169,23,1,0
BRDA:172,24,0,0
BRDA:172,24,1,0
BRDA:181,25,0,0
BRDA:181,26,0,0
BRDA:181,26,1,0
BRDA:184,27,0,0
BRDA:189,28,0,0
BRDA:189,28,1,0
BRDA:194,29,0,0
BRDA:194,29,1,0
BRDA:203,30,0,0
BRDA:203,31,0,0
BRDA:203,31,1,0
BRDA:225,32,0,0
BRDA:225,32,1,0
BRDA:227,33,0,0
BRDA:227,33,1,0
BRDA:230,34,0,0
BRDA:230,34,1,0
BRDA:233,35,0,0
BRDA:233,35,1,0
BRDA:236,36,0,0
BRDA:261,37,0,0
BRDA:281,38,0,0
BRDA:281,38,1,0
BRDA:282,39,0,0
BRDA:282,39,1,0
BRDA:317,40,0,0
BRDA:317,40,1,0
BRDA:323,41,0,0
BRDA:323,41,1,0
BRDA:359,42,0,0
BRDA:359,42,1,0
BRDA:365,43,0,0
BRDA:365,43,1,0
BRF:75
BRH:0
end_of_record
TN:
SF:packages/cli-interface/tui/session/cliHandler.ts
FN:12,showSessionsHelp
FN:61,handleSessionCommand
FN:107,handleListCommand
FN:140,(anonymous_3)
FN:141,(anonymous_4)
FNF:5
FNH:0
FNDA:0,showSessionsHelp
FNDA:0,handleSessionCommand
FNDA:0,handleListCommand
FNDA:0,(anonymous_3)
FNDA:0,(anonymous_4)
DA:1,0
DA:2,0
DA:9,0
DA:10,0
DA:13,0
DA:14,0
DA:61,0
DA:65,0
DA:68,0
DA:69,0
DA:70,0
DA:73,0
DA:75,0
DA:76,0
DA:78,0
DA:79,0
DA:80,0
DA:82,0
DA:83,0
DA:84,0
DA:86,0
DA:87,0
DA:89,0
DA:90,0
DA:91,0
DA:93,0
DA:94,0
DA:96,0
DA:97,0
DA:99,0
DA:100,0
DA:103,0
DA:108,0
DA:112,0
DA:115,0
DA:118,0
DA:119,0
DA:121,0
DA:123,0
DA:125,0
DA:126,0
DA:129,0
DA:130,0
DA:132,0
DA:134,0
DA:136,0
DA:138,0
DA:140,0
DA:141,0
DA:142,0
DA:144,0
DA:145,0
DA:147,0
DA:149,0
DA:151,0
DA:152,0
DA:154,0
DA:155,0
DA:157,0
DA:158,0
DA:163,0
DA:164,0
DA:165,0
DA:166,0
DA:169,0
LF:65
LH:0
BRDA:68,0,0,0
BRDA:73,1,0,0
BRDA:73,1,1,0
BRDA:73,1,2,0
BRDA:73,1,3,0
BRDA:73,1,4,0
BRDA:73,1,5,0
BRDA:73,1,6,0
BRDA:73,1,7,0
BRDA:121,2,0,0
BRDA:121,2,1,0
BRDA:123,3,0,0
BRDA:123,3,1,0
BRDA:123,4,0,0
BRDA:123,4,1,0
BRDA:132,5,0,0
BRDA:132,5,1,0
BRDA:134,6,0,0
BRDA:134,6,1,0
BRDA:134,7,0,0
BRDA:134,7,1,0
BRDA:147,8,0,0
BRDA:147,8,1,0
BRDA:149,9,0,0
BRDA:149,9,1,0
BRDA:149,10,0,0
BRDA:149,10,1,0
BRDA:157,11,0,0
BRDA:164,12,0,0
BRDA:165,13,0,0
BRDA:166,14,0,0
BRF:31
BRH:0
end_of_record
TN:
SF:packages/cli-interface/tui/session/exportSessionsTui.ts
FN:6,exportSessionsTui
FN:41,(anonymous_2)
FN:46,(anonymous_3)
FN:46,(anonymous_4)
FN:56,(anonymous_5)
FN:96,(anonymous_6)
FN:96,(anonymous_7)
FN:165,showSessionSelection
FN:188,(anonymous_9)
FN:210,(anonymous_10)
FNF:10
FNH:0
FNDA:0,exportSessionsTui
FNDA:0,(anonymous_2)
FNDA:0,(anonymous_3)
FNDA:0,(anonymous_4)
FNDA:0,(anonymous_5)
FNDA:0,(anonymous_6)
FNDA:0,(anonymous_7)
FNDA:0,showSessionSelection
FNDA:0,(anonymous_9)
FNDA:0,(anonymous_10)
DA:1,0
DA:2,0
DA:3,0
DA:4,0
DA:6,0
DA:7,0
DA:9,0
DA:11,0
DA:13,0
DA:28,0
DA:30,0
DA:32,0
DA:33,0
DA:36,0
DA:41,0
DA:44,0
DA:46,0
DA:48,0
DA:51,0
DA:56,0
DA:59,0
DA:63,0
DA:67,0
DA:68,0
DA:69,0
DA:70,0
DA:72,0
DA:76,0
DA:79,0
DA:94,0
DA:95,0
DA:96,0
DA:98,0
DA:99,0
DA:101,0
DA:105,0
DA:114,0
DA:115,0
DA:119,0
DA:120,0
DA:122,0
DA:123,0
DA:125,0
DA:126,0
DA:128,0
DA:129,0
DA:131,0
DA:132,0
DA:136,0
DA:145,0
DA:146,0
DA:147,0
DA:151,0
DA:152,0
DA:154,0
DA:155,0
DA:157,0
DA:161,0
DA:166,0
DA:168,0
DA:170,0
DA:171,0
DA:173,0
DA:174,0
DA:175,0
DA:178,0
DA:180,0
DA:181,0
DA:182,0
DA:186,0
DA:188,0
DA:189,0
DA:193,0
DA:195,0
DA:203,0
DA:211,0
DA:212,0
DA:214,0
DA:219,0
DA:222,0
DA:223,0
LF:81
LH:0
BRDA:30,0,0,0
BRDA:30,0,1,0
BRDA:30,0,2,0
BRDA:30,0,3,0
BRDA:30,0,4,0
BRDA:41,1,0,0
BRDA:41,1,1,0
BRDA:56,2,0,0
BRDA:56,2,1,0
BRDA:68,3,0,0
BRDA:95,4,0,0
BRDA:98,5,0,0
BRDA:114,6,0,0
BRDA:122,7,0,0
BRDA:122,8,0,0
BRDA:122,8,1,0
BRDA:125,9,0,0
BRDA:128,10,0,0
BRDA:131,11,0,0
BRDA:145,12,0,0
BRDA:154,13,0,0
BRDA:154,13,1,0
BRDA:173,14,0,0
BRDA:180,15,0,0
BRDA:189,16,0,0
BRDA:189,16,1,0
BRDA:189,17,0,0
BRDA:189,17,1,0
BRDA:193,18,0,0
BRDA:193,18,1,0
BRDA:211,19,0,0
BRDA:219,20,0,0
BRDA:219,20,1,0
BRF:33
BRH:0
end_of_record
TN:
SF:packages/cli-interface/tui/session/importSessionsTui.ts
FN:7,importSessionsTui
FN:43,(anonymous_11)
FN:164,selectFromDownloads
FN:169,(anonymous_13)
FN:181,(anonymous_14)
FN:195,getCustomFilePath
FN:201,(anonymous_16)
FN:215,previewFile
FN:231,(anonymous_18)
FN:246,getImportOptions
FN:272,createTempFile
FNF:11
FNH:0
FNDA:0,importSessionsTui
FNDA:0,(anonymous_11)
FNDA:0,selectFromDownloads
FNDA:0,(anonymous_13)
FNDA:0,(anonymous_14)
FNDA:0,getCustomFilePath
FNDA:0,(anonymous_16)
FNDA:0,previewFile
FNDA:0,(anonymous_18)
FNDA:0,getImportOptions
FNDA:0,createTempFile
DA:1,0
DA:2,0
DA:3,0
DA:4,0
DA:5,0
DA:7,0
DA:8,0
DA:10,0
DA:12,0
DA:14,0
DA:27,0
DA:28,0
DA:30,0
DA:32,0
DA:33,0
DA:35,0
DA:36,0
DA:38,0
DA:44,0
DA:45,0
DA:46,0
DA:48,0
DA:53,0
DA:54,0
DA:57,0
DA:58,0
DA:59,0
DA:63,0
DA:64,0
DA:68,0
DA:71,0
DA:72,0
DA:73,0
DA:74,0
DA:76,0
DA:77,0
DA:80,0
DA:89,0
DA:90,0
DA:91,0
DA:95,0
DA:98,0
DA:99,0
DA:102,0
DA:103,0
DA:104,0
DA:107,0
DA:108,0
DA:115,0
DA:116,0
DA:119,0
DA:120,0
DA:129,0
DA:130,0
DA:131,0
DA:133,0
DA:134,0
DA:136,0
DA:137,0
DA:138,0
DA:140,0
DA:141,0
DA:148,0
DA:149,0
DA:151,0
DA:156,0
DA:160,0
DA:165,0
DA:167,0
DA:168,0
DA:169,0
DA:171,0
DA:172,0
DA:173,0
DA:176,0
DA:181,0
DA:188,0
DA:190,0
DA:191,0
DA:196,0
DA:202,0
DA:203,0
DA:204,0
DA:206,0
DA:212,0
DA:216,0
DA:217,0
DA:218,0
DA:220,0
DA:221,0
DA:222,0
DA:223,0
DA:224,0
DA:225,0
DA:226,0
DA:229,0
DA:230,0
DA:231,0
DA:232,0
DA:233,0
DA:234,0
DA:236,0
DA:237,0
DA:240,0
DA:242,0
DA:247,0
DA:266,0
DA:273,0
DA:274,0
DA:275,0
DA:276,0
LF:111
LH:0
BRDA:30,0,0,0
BRDA:30,0,1,0
BRDA:30,0,2,0
BRDA:57,1,0,0
BRDA:57,2,0,0
BRDA:57,2,1,0
BRDA:63,3,0,0
BRDA:73,4,0,0
BRDA:77,5,0,0
BRDA:77,5,1,0
BRDA:89,6,0,0
BRDA:98,7,0,0
BRDA:98,7,1,0
BRDA:115,8,0,0
BRDA:115,8,1,0
BRDA:119,9,0,0
BRDA:119,10,0,0
BRDA:119,10,1,0
BRDA:129,11,0,0
BRDA:133,12,0,0
BRDA:133,12,1,0
BRDA:148,13,0,0
BRDA:148,13,1,0
BRDA:165,14,0,0
BRDA:165,14,1,0
BRDA:165,14,2,0
BRDA:171,15,0,0
BRDA:221,16,0,0
BRDA:229,17,0,0
BRDA:229,18,0,0
BRDA:229,18,1,0
BRDA:232,19,0,0
BRDA:232,19,1,0
BRDA:233,20,0,0
BRDA:233,20,1,0
BRDA:236,21,0,0
BRF:36
BRH:0
end_of_record
TN:
SF:packages/cli-interface/tui/terminals/cliHandler.ts
FN:13,showTerminalsHelp
FN:61,handleTerminalCommand
FN:145,handleListCommand
FN:155,(anonymous_3)
FN:155,(anonymous_4)
FN:163,handleShowCommand
FN:173,(anonymous_6)
FN:173,(anonymous_7)
FN:181,handleResumeCommand
FN:192,(anonymous_9)
FN:192,(anonymous_10)
FNF:11
FNH:0
FNDA:0,showTerminalsHelp
FNDA:0,handleTerminalCommand
FNDA:0,handleListCommand
FNDA:0,(anonymous_3)
FNDA:0,(anonymous_4)
FNDA:0,handleShowCommand
FNDA:0,(anonymous_6)
FNDA:0,(anonymous_7)
FNDA:0,handleResumeCommand
FNDA:0,(anonymous_9)
FNDA:0,(anonymous_10)
DA:1,0
DA:2,0
DA:3,0
DA:4,0
DA:5,0
DA:6,0
DA:7,0
DA:8,0
DA:9,0
DA:10,0
DA:11,0
DA:14,0
DA:15,0
DA:61,0
DA:62,0
DA:65,0
DA:66,0
DA:67,0
DA:70,0
DA:72,0
DA:73,0
DA:75,0
DA:76,0
DA:78,0
DA:79,0
DA:81,0
DA:82,0
DA:84,0
DA:86,0
DA:87,0
DA:89,0
DA:91,0
DA:92,0
DA:93,0
DA:94,0
DA:95,0
DA:97,0
DA:99,0
DA:101,0
DA:102,0
DA:104,0
DA:106,0
DA:107,0
DA:108,0
DA:109,0
DA:110,0
DA:112,0
DA:114,0
DA:115,0
DA:117,0
DA:118,0
DA:120,0
DA:121,0
DA:122,0
DA:123,0
DA:124,0
DA:125,0
DA:126,0
DA:127,0
DA:128,0
DA:129,0
DA:130,0
DA:131,0
DA:132,0
DA:133,0
DA:134,0
DA:135,0
DA:136,0
DA:137,0
DA:138,0
DA:139,0
DA:140,0
DA:141,0
DA:150,0
DA:151,0
DA:152,0
DA:153,0
DA:154,0
DA:155,0
DA:156,0
DA:160,0
DA:168,0
DA:169,0
DA:170,0
DA:171,0
DA:172,0
DA:173,0
DA:174,0
DA:178,0
DA:187,0
DA:188,0
DA:189,0
DA:190,0
DA:191,0
DA:192,0
DA:193,0
DA:194,0
DA:196,0
DA:200,0
LF:99
LH:0
BRDA:65,0,0,0
BRDA:70,1,0,0
BRDA:70,1,1,0
BRDA:70,1,2,0
BRDA:70,1,3,0
BRDA:70,1,4,0
BRDA:70,1,5,0
BRDA:70,1,6,0
BRDA:70,1,7,0
BRDA:70,1,8,0
BRDA:84,2,0,0
BRDA:84,2,1,0
BRDA:87,3,0,0
BRDA:87,3,1,0
BRDA:99,4,0,0
BRDA:99,4,1,0
BRDA:102,5,0,0
BRDA:102,5,1,0
BRDA:151,6,0,0
BRDA:151,6,1,0
BRDA:151,7,0,0
BRDA:151,7,1,0
BRDA:152,8,0,0
BRDA:152,8,1,0
BRDA:154,9,0,0
BRDA:154,10,0,0
BRDA:154,10,1,0
BRDA:169,11,0,0
BRDA:169,11,1,0
BRDA:169,12,0,0
BRDA:169,12,1,0
BRDA:170,13,0,0
BRDA:170,13,1,0
BRDA:172,14,0,0
BRDA:172,15,0,0
BRDA:172,15,1,0
BRDA:188,16,0,0
BRDA:188,16,1,0
BRDA:188,17,0,0
BRDA:188,17,1,0
BRDA:189,18,0,0
BRDA:189,18,1,0
BRDA:191,19,0,0
BRDA:191,19,1,0
BRDA:191,20,0,0
BRDA:191,20,1,0
BRDA:194,21,0,0
BRF:47
BRH:0
end_of_record
TN:
SF:packages/cli-interface/tui/terminals/createTerminalCollectionTui.ts
FN:6,createTerminalCollectionTui
FN:10,createTerminalCollectionInteractively
FN:83,(anonymous_3)
FN:137,promptForTerminalCollectionDetails
FN:143,(anonymous_5)
FN:151,(anonymous_6)
FN:163,(anonymous_7)
FN:203,promptForScriptSelectionWithAdd
FN:205,(anonymous_9)
FN:255,(anonymous_10)
FN:267,(anonymous_11)
FN:278,promptForNewScript
FN:286,(anonymous_13)
FN:294,(anonymous_14)
FN:316,(anonymous_15)
FN:368,(anonymous_16)
FN:375,(anonymous_17)
FN:434,promptForAddAnotherScript
FNF:18
FNH:0
FNDA:0,createTerminalCollectionTui
FNDA:0,createTerminalCollectionInteractively
FNDA:0,(anonymous_3)
FNDA:0,promptForTerminalCollectionDetails
FNDA:0,(anonymous_5)
FNDA:0,(anonymous_6)
FNDA:0,(anonymous_7)
FNDA:0,promptForScriptSelectionWithAdd
FNDA:0,(anonymous_9)
FNDA:0,(anonymous_10)
FNDA:0,(anonymous_11)
FNDA:0,promptForNewScript
FNDA:0,(anonymous_13)
FNDA:0,(anonymous_14)
FNDA:0,(anonymous_15)
FNDA:0,(anonymous_16)
FNDA:0,(anonymous_17)
FNDA:0,promptForAddAnotherScript
DA:1,0
DA:2,0
DA:3,0
DA:4,0
DA:6,0
DA:7,0
DA:11,0
DA:12,0
DA:13,0
DA:14,0
DA:16,0
DA:17,0
DA:18,0
DA:21,0
DA:24,0
DA:27,0
DA:28,0
DA:29,0
DA:30,0
DA:33,0
DA:36,0
DA:37,0
DA:39,0
DA:41,0
DA:42,0
DA:44,0
DA:46,0
DA:48,0
DA:49,0
DA:51,0
DA:52,0
DA:53,0
DA:54,0
DA:55,0
DA:58,0
DA:61,0
DA:70,0
DA:72,0
DA:73,0
DA:76,0
DA:81,0
DA:82,0
DA:83,0
DA:84,0
DA:85,0
DA:88,0
DA:93,0
DA:103,0
DA:104,0
DA:106,0
DA:108,0
DA:109,0
DA:110,0
DA:111,0
DA:114,0
DA:116,0
DA:117,0
DA:118,0
DA:119,0
DA:120,0
DA:121,0
DA:122,0
DA:123,0
DA:124,0
DA:125,0
DA:126,0
DA:127,0
DA:128,0
DA:129,0
DA:132,0
DA:133,0
DA:138,0
DA:144,0
DA:152,0
DA:164,0
DA:194,0
DA:205,0
DA:206,0
DA:207,0
DA:209,0
DA:210,0
DA:214,0
DA:215,0
DA:216,0
DA:218,0
DA:219,0
DA:220,0
DA:221,0
DA:222,0
DA:224,0
DA:229,0
DA:231,0
DA:233,0
DA:234,0
DA:235,0
DA:243,0
DA:248,0
DA:257,0
DA:258,0
DA:260,0
DA:267,0
DA:268,0
DA:270,0
DA:279,0
DA:281,0
DA:287,0
DA:295,0
DA:309,0
DA:311,0
DA:317,0
DA:322,0
DA:335,0
DA:336,0
DA:337,0
DA:345,0
DA:348,0
DA:358,0
DA:359,0
DA:360,0
DA:362,0
DA:363,0
DA:369,0
DA:376,0
DA:386,0
DA:392,0
DA:393,0
DA:397,0
DA:410,0
DA:411,0
DA:412,0
DA:420,0
DA:423,0
DA:435,0
DA:444,0
LF:134
LH:0
BRDA:28,0,0,0
BRDA:44,1,0,0
BRDA:44,1,1,0
BRDA:52,2,0,0
BRDA:84,3,0,0
BRDA:108,4,0,0
BRDA:123,5,0,0
BRDA:123,5,1,0
BRDA:144,6,0,0
BRDA:144,6,1,0
BRDA:152,7,0,0
BRDA:152,7,1,0
BRDA:164,8,0,0
BRDA:164,8,1,0
BRDA:203,9,0,0
BRDA:206,10,0,0
BRDA:221,11,0,0
BRDA:221,11,1,0
BRDA:221,12,0,0
BRDA:221,12,1,0
BRDA:222,13,0,0
BRDA:222,13,1,0
BRDA:234,14,0,0
BRDA:234,14,1,0
BRDA:234,15,0,0
BRDA:234,15,1,0
BRDA:236,16,0,0
BRDA:236,16,1,0
BRDA:257,17,0,0
BRDA:287,18,0,0
BRDA:287,18,1,0
BRDA:295,19,0,0
BRDA:295,19,1,0
BRDA:309,20,0,0
BRDA:309,20,1,0
BRDA:317,21,0,0
BRDA:317,21,1,0
BRDA:336,22,0,0
BRDA:369,23,0,0
BRDA:369,23,1,0
BRDA:376,24,0,0
BRDA:376,24,1,0
BRDA:411,25,0,0
BRF:43
BRH:0
end_of_record
TN:
SF:packages/cli-interface/tui/terminals/exportTerminalCollectionsTui.ts
FN:6,exportTerminalCollectionsTui
FN:42,(anonymous_2)
FN:175,showTerminalCollectionSelection
FN:196,(anonymous_4)
FN:208,(anonymous_5)
FN:213,(anonymous_6)
FN:234,(anonymous_7)
FNF:7
FNH:0
FNDA:0,exportTerminalCollectionsTui
FNDA:0,(anonymous_2)
FNDA:0,showTerminalCollectionSelection
FNDA:0,(anonymous_4)
FNDA:0,(anonymous_5)
FNDA:0,(anonymous_6)
FNDA:0,(anonymous_7)
DA:1,0
DA:2,0
DA:3,0
DA:4,0
DA:6,0
DA:7,0
DA:9,0
DA:11,0
DA:13,0
DA:28,0
DA:30,0
DA:32,0
DA:33,0
DA:36,0
DA:42,0
DA:45,0
DA:49,0
DA:53,0
DA:54,0
DA:55,0
DA:56,0
DA:58,0
DA:62,0
DA:65,0
DA:77,0
DA:81,0
DA:84,0
DA:104,0
DA:105,0
DA:106,0
DA:108,0
DA:109,0
DA:111,0
DA:115,0
DA:124,0
DA:125,0
DA:129,0
DA:130,0
DA:132,0
DA:133,0
DA:135,0
DA:136,0
DA:138,0
DA:139,0
DA:141,0
DA:142,0
DA:146,0
DA:155,0
DA:156,0
DA:157,0
DA:161,0
DA:162,0
DA:164,0
DA:165,0
DA:167,0
DA:171,0
DA:176,0
DA:178,0
DA:180,0
DA:181,0
DA:183,0
DA:184,0
DA:185,0
DA:188,0
DA:190,0
DA:191,0
DA:192,0
DA:196,0
DA:197,0
DA:198,0
DA:199,0
DA:201,0
DA:202,0
DA:206,0
DA:208,0
DA:210,0
DA:213,0
DA:214,0
DA:218,0
DA:227,0
DA:235,0
DA:236,0
DA:238,0
DA:243,0
DA:246,0
DA:247,0
LF:86
LH:0
BRDA:30,0,0,0
BRDA:30,0,1,0
BRDA:30,0,2,0
BRDA:30,0,3,0
BRDA:30,0,4,0
BRDA:42,1,0,0
BRDA:42,1,1,0
BRDA:54,2,0,0
BRDA:105,3,0,0
BRDA:108,4,0,0
BRDA:124,5,0,0
BRDA:132,6,0,0
BRDA:135,7,0,0
BRDA:138,8,0,0
BRDA:141,9,0,0
BRDA:155,10,0,0
BRDA:164,11,0,0
BRDA:164,11,1,0
BRDA:183,12,0,0
BRDA:190,13,0,0
BRDA:198,14,0,0
BRDA:214,15,0,0
BRDA:214,15,1,0
BRDA:214,16,0,0
BRDA:214,16,1,0
BRDA:235,17,0,0
BRDA:243,18,0,0
BRDA:243,18,1,0
BRF:28
BRH:0
end_of_record
TN:
SF:packages/cli-interface/tui/terminals/importTerminalCollectionsTui.ts
FN:7,importTerminalCollectionsTui
FN:43,(anonymous_11)
FN:164,selectFromDownloads
FN:169,(anonymous_13)
FN:181,(anonymous_14)
FN:195,getCustomFilePath
FN:201,(anonymous_16)
FN:215,previewFile
FN:230,(anonymous_18)
FN:243,getImportOptions
FN:269,createTempFile
FNF:11
FNH:0
FNDA:0,importTerminalCollectionsTui
FNDA:0,(anonymous_11)
FNDA:0,selectFromDownloads
FNDA:0,(anonymous_13)
FNDA:0,(anonymous_14)
FNDA:0,getCustomFilePath
FNDA:0,(anonymous_16)
FNDA:0,previewFile
FNDA:0,(anonymous_18)
FNDA:0,getImportOptions
FNDA:0,createTempFile
DA:1,0
DA:2,0
DA:3,0
DA:4,0
DA:5,0
DA:7,0
DA:8,0
DA:10,0
DA:12,0
DA:14,0
DA:27,0
DA:28,0
DA:30,0
DA:32,0
DA:33,0
DA:35,0
DA:36,0
DA:38,0
DA:44,0
DA:45,0
DA:46,0
DA:48,0
DA:53,0
DA:54,0
DA:57,0
DA:58,0
DA:59,0
DA:63,0
DA:64,0
DA:68,0
DA:71,0
DA:72,0
DA:73,0
DA:74,0
DA:76,0
DA:77,0
DA:80,0
DA:89,0
DA:90,0
DA:91,0
DA:95,0
DA:98,0
DA:99,0
DA:102,0
DA:103,0
DA:104,0
DA:107,0
DA:108,0
DA:115,0
DA:116,0
DA:119,0
DA:120,0
DA:129,0
DA:130,0
DA:131,0
DA:133,0
DA:134,0
DA:136,0
DA:137,0
DA:138,0
DA:140,0
DA:141,0
DA:148,0
DA:149,0
DA:151,0
DA:156,0
DA:160,0
DA:165,0
DA:167,0
DA:168,0
DA:169,0
DA:171,0
DA:172,0
DA:173,0
DA:176,0
DA:181,0
DA:188,0
DA:190,0
DA:191,0
DA:196,0
DA:202,0
DA:203,0
DA:204,0
DA:206,0
DA:212,0
DA:216,0
DA:217,0
DA:218,0
DA:220,0
DA:221,0
DA:222,0
DA:223,0
DA:224,0
DA:225,0
DA:228,0
DA:229,0
DA:230,0
DA:231,0
DA:233,0
DA:234,0
DA:237,0
DA:239,0
DA:244,0
DA:263,0
DA:270,0
DA:271,0
DA:272,0
DA:273,0
LF:108
LH:0
BRDA:30,0,0,0
BRDA:30,0,1,0
BRDA:30,0,2,0
BRDA:57,1,0,0
BRDA:57,2,0,0
BRDA:57,2,1,0
BRDA:63,3,0,0
BRDA:73,4,0,0
BRDA:77,5,0,0
BRDA:77,5,1,0
BRDA:89,6,0,0
BRDA:98,7,0,0
BRDA:98,7,1,0
BRDA:115,8,0,0
BRDA:115,8,1,0
BRDA:119,9,0,0
BRDA:119,10,0,0
BRDA:119,10,1,0
BRDA:129,11,0,0
BRDA:133,12,0,0
BRDA:133,12,1,0
BRDA:148,13,0,0
BRDA:148,13,1,0
BRDA:165,14,0,0
BRDA:165,14,1,0
BRDA:165,14,2,0
BRDA:171,15,0,0
BRDA:221,16,0,0
BRDA:228,17,0,0
BRDA:228,18,0,0
BRDA:228,18,1,0
BRDA:231,19,0,0
BRDA:231,19,1,0
BRDA:233,20,0,0
BRF:34
BRH:0
end_of_record
TN:
SF:packages/cli-interface/utils/CLISpinner.ts
FN:1,(anonymous_0)
FN:8,(anonymous_1)
FN:21,(anonymous_2)
FN:27,(anonymous_3)
FN:34,(anonymous_4)
FN:47,(anonymous_5)
FN:52,(anonymous_6)
FNF:7
FNH:0
FNDA:0,(anonymous_0)
FNDA:0,(anonymous_1)
FNDA:0,(anonymous_2)
FNDA:0,(anonymous_3)
FNDA:0,(anonymous_4)
FNDA:0,(anonymous_5)
FNDA:0,(anonymous_6)
DA:1,0
DA:2,0
DA:3,0
DA:4,0
DA:5,0
DA:6,0
DA:9,0
DA:10,0
DA:13,0
DA:14,0
DA:15,0
DA:18,0
DA:21,0
DA:22,0
DA:23,0
DA:28,0
DA:29,0
DA:30,0
DA:35,0
DA:36,0
DA:37,0
DA:40,0
DA:42,0
DA:43,0
DA:48,0
DA:49,0
DA:53,0
DA:54,0
LF:28
LH:0
BRDA:9,0,0,0
BRDA:29,1,0,0
BRDA:35,2,0,0
BRDA:40,3,0,0
BRF:4
BRH:0
end_of_record
TN:
SF:packages/cli-interface/utils/inquirer.ts
FN:7,(anonymous_1)
FNF:1
FNH:0
FNDA:0,(anonymous_1)
DA:1,0
DA:2,0
DA:5,0
DA:8,0
DA:9,0
DA:11,0
DA:15,0
DA:16,0
DA:17,0
DA:19,0
DA:24,0
LF:11
LH:0
BRDA:11,0,0,0
BRDA:12,1,0,0
BRDA:12,1,1,0
BRF:3
BRH:0
end_of_record
TN:
SF:packages/core/domain/models/Git.ts
FN:16,(anonymous_0)
FNF:1
FNH:1
FNDA:1,(anonymous_0)
DA:16,1
DA:17,1
DA:18,1
DA:19,1
DA:20,1
DA:21,1
DA:22,1
DA:23,1
LF:8
LH:8
BRDA:16,0,0,1
BRDA:16,0,1,1
BRF:2
BRH:2
end_of_record
TN:
SF:packages/core/domain/models/Result.ts
FN:14,isSuccess
FN:18,isFailure
FNF:2
FNH:2
FNDA:9,isSuccess
FNDA:33,isFailure
DA:14,1
DA:15,9
DA:18,1
DA:19,33
LF:4
LH:4
BRF:0
BRH:0
end_of_record
TN:
SF:packages/core/domain/ports/ILoggerService.ts
FN:9,(anonymous_0)
FNF:1
FNH:0
FNDA:0,(anonymous_0)
DA:9,0
DA:10,0
DA:11,0
DA:12,0
DA:13,0
LF:5
LH:0
BRDA:9,0,0,0
BRDA:9,0,1,0
BRF:2
BRH:0
end_of_record
TN:
SF:packages/core/domain/schemas/SchemaRegistry.ts
FN:71,(anonymous_0)
FN:83,(anonymous_1)
FN:120,(anonymous_2)
FN:241,(anonymous_3)
FN:242,(anonymous_4)
FN:338,validateLoggerConfig
FN:342,validateFileStorageConfig
FN:346,validateFeatureFlags
FN:350,validateConfig
FN:354,validateScript
FN:358,validateScriptIndex
FN:362,validateScriptCollection
FN:366,validateGitStatus
FN:370,validateGitStash
FN:374,validateTerminalCommand
FN:378,validateSessionTerminalCommand
FN:382,validateTerminalResult
FN:386,validateSession
FN:390,validateSessionIndex
FN:394,validateScriptCommand
FN:398,validateScriptReference
FN:402,validateTerminalCommandState
FN:406,validateTerminalCollection
FN:410,validateTerminalCollectionIndex
FNF:24
FNH:15
FNDA:13,(anonymous_0)
FNDA:7,(anonymous_1)
FNDA:0,(anonymous_2)
FNDA:6,(anonymous_3)
FNDA:6,(anonymous_4)
FNDA:2,validateLoggerConfig
FNDA:2,validateFileStorageConfig
FNDA:2,validateFeatureFlags
FNDA:9,validateConfig
FNDA:2,validateScript
FNDA:0,validateScriptIndex
FNDA:0,validateScriptCollection
FNDA:2,validateGitStatus
FNDA:2,validateGitStash
FNDA:2,validateTerminalCommand
FNDA:0,validateSessionTerminalCommand
FNDA:2,validateTerminalResult
FNDA:2,validateSession
FNDA:2,validateSessionIndex
FNDA:0,validateScriptCommand
FNDA:0,validateScriptReference
FNDA:0,validateTerminalCommandState
FNDA:0,validateTerminalCollection
FNDA:0,validateTerminalCollectionIndex
DA:1,2
DA:2,2
DA:5,2
DA:7,2
DA:13,2
DA:19,2
DA:26,2
DA:28,2
DA:52,2
DA:57,2
DA:68,2
DA:70,2
DA:71,13
DA:85,7
DA:92,2
DA:98,2
DA:104,2
DA:108,2
DA:113,2
DA:119,2
DA:120,0
DA:129,2
DA:136,2
DA:141,2
DA:143,2
DA:149,2
DA:158,2
DA:166,2
DA:172,2
DA:179,2
DA:187,2
DA:196,2
DA:204,2
DA:216,2
DA:224,2
DA:231,2
DA:237,2
DA:241,6
DA:242,6
DA:254,2
DA:265,2
DA:271,2
DA:338,2
DA:339,2
DA:342,2
DA:343,2
DA:346,2
DA:347,2
DA:350,2
DA:351,9
DA:354,2
DA:355,2
DA:358,2
DA:359,0
DA:362,2
DA:363,0
DA:366,2
DA:367,2
DA:370,2
DA:371,2
DA:374,2
DA:375,2
DA:378,2
DA:379,0
DA:382,2
DA:383,2
DA:386,2
DA:387,2
DA:390,2
DA:391,2
DA:394,2
DA:395,0
DA:398,2
DA:399,0
DA:402,2
DA:403,0
DA:406,2
DA:407,0
DA:410,2
DA:411,0
LF:80
LH:71
BRDA:85,0,0,7
BRDA:85,0,1,1
BRDA:85,0,2,0
BRDA:241,1,0,2
BRDA:241,1,1,4
BRDA:242,2,0,2
BRDA:242,2,1,4
BRF:7
BRH:6
end_of_record
TN:
SF:packages/core/domain/services/EnvironmentService.ts
FN:8,(anonymous_9)
FN:12,(anonymous_10)
FN:43,(anonymous_11)
FN:60,(anonymous_12)
FN:64,(anonymous_13)
FN:68,(anonymous_14)
FN:72,(anonymous_15)
FN:76,(anonymous_16)
FN:80,(anonymous_17)
FN:84,(anonymous_18)
FN:88,(anonymous_19)
FN:92,(anonymous_20)
FN:96,(anonymous_21)
FNF:13
FNH:0
FNDA:0,(anonymous_9)
FNDA:0,(anonymous_10)
FNDA:0,(anonymous_11)
FNDA:0,(anonymous_12)
FNDA:0,(anonymous_13)
FNDA:0,(anonymous_14)
FNDA:0,(anonymous_15)
FNDA:0,(anonymous_16)
FNDA:0,(anonymous_17)
FNDA:0,(anonymous_18)
FNDA:0,(anonymous_19)
FNDA:0,(anonymous_20)
FNDA:0,(anonymous_21)
DA:1,0
DA:2,0
DA:5,0
DA:9,0
DA:14,0
DA:17,0
DA:18,0
DA:20,0
DA:21,0
DA:22,0
DA:26,0
DA:29,0
DA:32,0
DA:44,0
DA:45,0
DA:47,0
DA:48,0
DA:49,0
DA:50,0
DA:51,0
DA:52,0
DA:57,0
DA:61,0
DA:65,0
DA:69,0
DA:73,0
DA:77,0
DA:81,0
DA:85,0
DA:89,0
DA:93,0
DA:97,0
LF:32
LH:0
BRDA:17,0,0,0
BRDA:17,0,1,0
BRDA:20,1,0,0
BRDA:26,2,0,0
BRDA:26,2,1,0
BRDA:26,2,2,0
BRDA:29,3,0,0
BRDA:29,3,1,0
BRDA:35,4,0,0
BRDA:35,4,1,0
BRDA:35,4,2,0
BRDA:36,5,0,0
BRDA:36,5,1,0
BRDA:37,6,0,0
BRDA:37,6,1,0
BRDA:38,7,0,0
BRDA:38,7,1,0
BRDA:39,8,0,0
BRDA:39,8,1,0
BRDA:49,9,0,0
BRDA:49,10,0,0
BRDA:49,10,1,0
BRDA:51,11,0,0
BRDA:51,12,0,0
BRDA:51,12,1,0
BRF:25
BRH:0
end_of_record
TN:
SF:packages/core/domain/services/FeatureFlagService.ts
FN:7,(anonymous_9)
FN:27,(anonymous_10)
FN:31,(anonymous_11)
FNF:3
FNH:0
FNDA:0,(anonymous_9)
FNDA:0,(anonymous_10)
FNDA:0,(anonymous_11)
DA:1,0
DA:2,0
DA:4,0
DA:9,0
DA:10,0
DA:11,0
DA:12,0
DA:16,0
DA:17,0
DA:18,0
DA:19,0
DA:20,0
DA:24,0
DA:28,0
DA:32,0
LF:15
LH:0
BRDA:10,0,0,0
BRDA:10,1,0,0
BRDA:10,1,1,0
BRDA:19,2,0,0
BRF:4
BRH:0
end_of_record
TN:
SF:packages/core/domain/types/Environment.ts
FNF:0
FNH:0
DA:14,1
LF:1
LH:1
BRF:0
BRH:0
end_of_record
TN:
SF:packages/core/domain/types/ErrorRegistry.ts
FN:118,getUserMessageForErrorCode
FN:122,getExitCodeForErrorCode
FNF:2
FNH:2
FNDA:23078,getUserMessageForErrorCode
FNDA:23078,getExitCodeForErrorCode
DA:2,1
DA:10,1
DA:118,1
DA:119,23078
DA:122,1
DA:123,23078
LF:6
LH:6
BRDA:119,0,0,23078
BRDA:119,0,1,12029
BRDA:123,1,0,23078
BRDA:123,1,1,12029
BRF:4
BRH:4
end_of_record
TN:
SF:packages/core/domain/types/ErrorTypes.ts
FN:1,(anonymous_0)
FN:35,(anonymous_1)
FN:44,(anonymous_2)
FN:51,(anonymous_3)
FN:58,(anonymous_4)
FN:65,(anonymous_5)
FN:72,(anonymous_6)
FN:79,(anonymous_7)
FNF:8
FNH:8
FNDA:2,(anonymous_0)
FNDA:74,(anonymous_1)
FNDA:8,(anonymous_2)
FNDA:9,(anonymous_3)
FNDA:8,(anonymous_4)
FNDA:8,(anonymous_5)
FNDA:8,(anonymous_6)
FNDA:8,(anonymous_7)
DA:1,2
DA:2,2
DA:3,2
DA:4,2
DA:5,2
DA:6,2
DA:7,2
DA:8,2
DA:9,2
DA:10,2
DA:11,2
DA:12,2
DA:13,2
DA:14,2
DA:15,2
DA:16,2
DA:17,2
DA:18,2
DA:19,2
DA:20,2
DA:21,2
DA:22,2
DA:32,2
DA:36,74
DA:37,74
DA:38,74
DA:39,74
DA:43,2
DA:45,8
DA:46,8
DA:50,2
DA:52,9
DA:53,9
DA:57,2
DA:59,8
DA:60,8
DA:64,2
DA:66,8
DA:67,8
DA:71,2
DA:73,8
DA:74,8
DA:78,2
DA:80,8
DA:81,8
LF:45
LH:45
BRDA:1,0,0,2
BRDA:1,0,1,2
BRDA:35,1,0,16
BRDA:51,2,0,6
BRDA:58,3,0,5
BRDA:65,4,0,5
BRDA:72,5,0,5
BRDA:79,6,0,5
BRF:8
BRH:8
end_of_record
TN:
SF:packages/core/domain/types/FeatureFlags.ts
FNF:0
FNH:0
DA:10,1
LF:1
LH:1
BRF:0
BRH:0
end_of_record
TN:
SF:packages/core/infrastructure/repositories/ConfigRepository.ts
FN:19,getDefaultConfig
FN:44,(anonymous_10)
FN:50,(anonymous_11)
FN:119,(anonymous_12)
FN:147,(anonymous_13)
FN:152,(anonymous_14)
FN:168,(anonymous_15)
FN:172,(anonymous_16)
FN:175,(anonymous_17)
FN:178,(anonymous_18)
FNF:10
FNH:0
FNDA:0,getDefaultConfig
FNDA:0,(anonymous_10)
FNDA:0,(anonymous_11)
FNDA:0,(anonymous_12)
FNDA:0,(anonymous_13)
FNDA:0,(anonymous_14)
FNDA:0,(anonymous_15)
FNDA:0,(anonymous_16)
FNDA:0,(anonymous_17)
FNDA:0,(anonymous_18)
DA:2,0
DA:6,0
DA:7,0
DA:8,0
DA:9,0
DA:11,0
DA:16,0
DA:17,0
DA:20,0
DA:43,0
DA:45,0
DA:46,0
DA:47,0
DA:51,0
DA:52,0
DA:53,0
DA:54,0
DA:55,0
DA:57,0
DA:58,0
DA:63,0
DA:64,0
DA:65,0
DA:66,0
DA:67,0
DA:69,0
DA:72,0
DA:73,0
DA:75,0
DA:79,0
DA:80,0
DA:81,0
DA:82,0
DA:85,0
DA:86,0
DA:88,0
DA:92,0
DA:93,0
DA:94,0
DA:95,0
DA:97,0
DA:101,0
DA:103,0
DA:104,0
DA:107,0
DA:108,0
DA:109,0
DA:111,0
DA:115,0
DA:120,0
DA:121,0
DA:122,0
DA:123,0
DA:124,0
DA:125,0
DA:126,0
DA:127,0
DA:130,0
DA:134,0
DA:135,0
DA:136,0
DA:138,0
DA:139,0
DA:142,0
DA:143,0
DA:144,0
DA:145,0
DA:148,0
DA:153,0
DA:154,0
DA:158,0
DA:160,0
DA:164,0
DA:169,0
DA:170,0
DA:173,0
DA:179,0
DA:180,0
DA:181,0
DA:182,0
DA:184,0
LF:81
LH:0
BRDA:12,0,0,0
BRDA:12,0,1,0
BRDA:12,0,2,0
BRDA:25,1,0,0
BRDA:25,1,1,0
BRDA:25,1,2,0
BRDA:32,2,0,0
BRDA:32,2,1,0
BRDA:32,2,2,0
BRDA:47,3,0,0
BRDA:57,4,0,0
BRDA:65,5,0,0
BRDA:103,6,0,0
BRDA:126,7,0,0
BRDA:126,8,0,0
BRDA:126,8,1,0
BRDA:134,9,0,0
BRF:17
BRH:0
end_of_record
TN:
SF:packages/core/infrastructure/repositories/IDERepository.ts
FN:7,(anonymous_0)
FN:66,(anonymous_1)
FN:73,(anonymous_2)
FNF:3
FNH:0
FNDA:0,(anonymous_0)
FNDA:0,(anonymous_1)
FNDA:0,(anonymous_2)
DA:4,0
DA:6,0
DA:8,0
DA:11,0
DA:14,0
DA:66,0
DA:67,0
DA:70,0
DA:76,0
LF:9
LH:0
BRDA:29,0,0,0
BRDA:29,0,1,0
BRF:2
BRH:0
end_of_record
TN:
SF:packages/core/infrastructure/repositories/ScriptRepository.ts
FN:32,(anonymous_9)
FN:39,(anonymous_10)
FN:47,(anonymous_11)
FN:56,(anonymous_12)
FN:81,(anonymous_13)
FN:92,(anonymous_14)
FN:121,(anonymous_15)
FN:208,(anonymous_16)
FN:215,(anonymous_17)
FN:290,(anonymous_18)
FN:303,(anonymous_19)
FN:363,(anonymous_20)
FN:440,(anonymous_21)
FN:449,(anonymous_22)
FN:496,(anonymous_23)
FNF:15
FNH:0
FNDA:0,(anonymous_9)
FNDA:0,(anonymous_10)
FNDA:0,(anonymous_11)
FNDA:0,(anonymous_12)
FNDA:0,(anonymous_13)
FNDA:0,(anonymous_14)
FNDA:0,(anonymous_15)
FNDA:0,(anonymous_16)
FNDA:0,(anonymous_17)
FNDA:0,(anonymous_18)
FNDA:0,(anonymous_19)
FNDA:0,(anonymous_20)
FNDA:0,(anonymous_21)
FNDA:0,(anonymous_22)
FNDA:0,(anonymous_23)
DA:1,0
DA:11,0
DA:15,0
DA:19,0
DA:20,0
DA:22,0
DA:27,0
DA:28,0
DA:29,0
DA:31,0
DA:33,0
DA:34,0
DA:35,0
DA:36,0
DA:40,0
DA:41,0
DA:43,0
DA:48,0
DA:49,0
DA:50,0
DA:52,0
DA:57,0
DA:58,0
DA:59,0
DA:60,0
DA:61,0
DA:62,0
DA:64,0
DA:66,0
DA:67,0
DA:69,0
DA:70,0
DA:82,0
DA:83,0
DA:84,0
DA:85,0
DA:86,0
DA:89,0
DA:92,0
DA:95,0
DA:102,0
DA:103,0
DA:104,0
DA:107,0
DA:108,0
DA:109,0
DA:115,0
DA:117,0
DA:122,0
DA:123,0
DA:126,0
DA:129,0
DA:130,0
DA:133,0
DA:144,0
DA:145,0
DA:148,0
DA:149,0
DA:152,0
DA:153,0
DA:158,0
DA:162,0
DA:163,0
DA:164,0
DA:166,0
DA:167,0
DA:171,0
DA:172,0
DA:175,0
DA:176,0
DA:177,0
DA:183,0
DA:186,0
DA:188,0
DA:193,0
DA:195,0
DA:199,0
DA:209,0
DA:210,0
DA:211,0
DA:212,0
DA:215,0
DA:216,0
DA:217,0
DA:218,0
DA:228,0
DA:229,0
DA:232,0
DA:233,0
DA:234,0
DA:235,0
DA:236,0
DA:237,0
DA:242,0
DA:246,0
DA:247,0
DA:248,0
DA:250,0
DA:255,0
DA:256,0
DA:261,0
DA:265,0
DA:266,0
DA:267,0
DA:269,0
DA:273,0
DA:274,0
DA:275,0
DA:277,0
DA:281,0
DA:291,0
DA:292,0
DA:294,0
DA:295,0
DA:296,0
DA:299,0
DA:302,0
DA:303,0
DA:307,0
DA:309,0
DA:311,0
DA:312,0
DA:313,0
DA:314,0
DA:318,0
DA:319,0
DA:323,0
DA:324,0
DA:326,0
DA:327,0
DA:328,0
DA:329,0
DA:333,0
DA:334,0
DA:338,0
DA:340,0
DA:341,0
DA:342,0
DA:343,0
DA:347,0
DA:348,0
DA:350,0
DA:354,0
DA:364,0
DA:365,0
DA:368,0
DA:369,0
DA:370,0
DA:374,0
DA:377,0
DA:380,0
DA:381,0
DA:383,0
DA:384,0
DA:387,0
DA:388,0
DA:393,0
DA:397,0
DA:398,0
DA:399,0
DA:401,0
DA:402,0
DA:406,0
DA:407,0
DA:410,0
DA:411,0
DA:412,0
DA:418,0
DA:421,0
DA:423,0
DA:424,0
DA:426,0
DA:431,0
DA:441,0
DA:442,0
DA:444,0
DA:445,0
DA:446,0
DA:449,0
DA:451,0
DA:452,0
DA:453,0
DA:464,0
DA:465,0
DA:468,0
DA:469,0
DA:471,0
DA:472,0
DA:473,0
DA:483,0
DA:484,0
DA:485,0
DA:486,0
DA:489,0
DA:490,0
DA:496,0
DA:497,0
DA:498,0
DA:499,0
DA:502,0
DA:503,0
DA:504,0
DA:510,0
DA:512,0
DA:513,0
DA:515,0
DA:519,0
LF:207
LH:0
BRDA:23,0,0,0
BRDA:23,0,1,0
BRDA:23,0,2,0
BRDA:36,1,0,0
BRDA:64,2,0,0
BRDA:84,3,0,0
BRDA:129,4,0,0
BRDA:153,5,0,0
BRDA:154,6,0,0
BRDA:154,6,1,0
BRDA:154,6,2,0
BRDA:162,7,0,0
BRDA:211,8,0,0
BRDA:216,9,0,0
BRDA:235,10,0,0
BRDA:237,11,0,0
BRDA:238,12,0,0
BRDA:238,12,1,0
BRDA:238,12,2,0
BRDA:246,13,0,0
BRDA:256,14,0,0
BRDA:257,15,0,0
BRDA:257,15,1,0
BRDA:257,15,2,0
BRDA:265,16,0,0
BRDA:295,17,0,0
BRDA:302,18,0,0
BRDA:307,19,0,0
BRDA:313,20,0,0
BRDA:313,21,0,0
BRDA:313,21,1,0
BRDA:323,22,0,0
BRDA:328,23,0,0
BRDA:342,24,0,0
BRDA:369,25,0,0
BRDA:388,26,0,0
BRDA:389,27,0,0
BRDA:389,27,1,0
BRDA:389,27,2,0
BRDA:397,28,0,0
BRDA:445,29,0,0
BRDA:451,30,0,0
BRDA:471,31,0,0
BRDA:489,32,0,0
BRF:44
BRH:0
end_of_record
TN:
SF:packages/core/infrastructure/repositories/SessionRepository.ts
FN:18,(anonymous_0)
FN:23,(anonymous_1)
FN:27,(anonymous_2)
FN:31,(anonymous_3)
FN:52,(anonymous_4)
FN:74,(anonymous_5)
FN:93,(anonymous_6)
FN:98,(anonymous_7)
FN:106,(anonymous_8)
FN:112,(anonymous_9)
FN:119,(anonymous_10)
FNF:11
FNH:0
FNDA:0,(anonymous_0)
FNDA:0,(anonymous_1)
FNDA:0,(anonymous_2)
FNDA:0,(anonymous_3)
FNDA:0,(anonymous_4)
FNDA:0,(anonymous_5)
FNDA:0,(anonymous_6)
FNDA:0,(anonymous_7)
FNDA:0,(anonymous_8)
FNDA:0,(anonymous_9)
FNDA:0,(anonymous_10)
DA:2,0
DA:3,0
DA:6,0
DA:9,0
DA:10,0
DA:11,0
DA:12,0
DA:14,0
DA:19,0
DA:20,0
DA:24,0
DA:28,0
DA:29,0
DA:30,0
DA:31,0
DA:32,0
DA:33,0
DA:35,0
DA:36,0
DA:37,0
DA:38,0
DA:40,0
DA:45,0
DA:47,0
DA:48,0
DA:53,0
DA:54,0
DA:55,0
DA:57,0
DA:58,0
DA:61,0
DA:62,0
DA:63,0
DA:65,0
DA:67,0
DA:69,0
DA:71,0
DA:74,0
DA:76,0
DA:86,0
DA:88,0
DA:89,0
DA:90,0
DA:94,0
DA:95,0
DA:96,0
DA:97,0
DA:98,0
DA:99,0
DA:100,0
DA:103,0
DA:104,0
DA:106,0
DA:107,0
DA:108,0
DA:109,0
DA:113,0
DA:114,0
DA:115,0
DA:116,0
DA:120,0
DA:121,0
DA:123,0
DA:124,0
DA:125,0
DA:127,0
DA:129,0
DA:130,0
DA:131,0
DA:133,0
DA:134,0
LF:71
LH:0
BRDA:30,0,0,0
BRDA:31,1,0,0
BRDA:31,1,1,0
BRDA:32,2,0,0
BRDA:36,3,0,0
BRDA:42,4,0,0
BRDA:42,4,1,0
BRDA:43,5,0,0
BRDA:43,5,1,0
BRDA:63,6,0,0
BRDA:67,7,0,0
BRDA:67,7,1,0
BRDA:89,8,0,0
BRDA:96,9,0,0
BRDA:98,10,0,0
BRDA:98,10,1,0
BRDA:99,11,0,0
BRDA:104,12,0,0
BRDA:108,13,0,0
BRDA:115,14,0,0
BRDA:121,15,0,0
BRDA:123,16,0,0
BRF:22
BRH:0
end_of_record
TN:
SF:packages/core/infrastructure/repositories/TerminalCollectionRepository.ts
FN:18,(anonymous_0)
FN:26,(anonymous_1)
FN:30,(anonymous_2)
FN:39,(anonymous_3)
FN:58,(anonymous_4)
FN:84,(anonymous_5)
FN:111,(anonymous_6)
FN:131,(anonymous_7)
FN:140,(anonymous_8)
FN:164,(anonymous_9)
FN:176,(anonymous_10)
FN:272,(anonymous_11)
FN:306,(anonymous_12)
FN:315,(anonymous_13)
FN:343,(anonymous_14)
FNF:15
FNH:0
FNDA:0,(anonymous_0)
FNDA:0,(anonymous_1)
FNDA:0,(anonymous_2)
FNDA:0,(anonymous_3)
FNDA:0,(anonymous_4)
FNDA:0,(anonymous_5)
FNDA:0,(anonymous_6)
FNDA:0,(anonymous_7)
FNDA:0,(anonymous_8)
FNDA:0,(anonymous_9)
FNDA:0,(anonymous_10)
FNDA:0,(anonymous_11)
FNDA:0,(anonymous_12)
FNDA:0,(anonymous_13)
FNDA:0,(anonymous_14)
DA:4,0
DA:7,0
DA:8,0
DA:11,0
DA:12,0
DA:13,0
DA:15,0
DA:19,0
DA:21,0
DA:23,0
DA:27,0
DA:31,0
DA:33,0
DA:34,0
DA:36,0
DA:37,0
DA:38,0
DA:39,0
DA:40,0
DA:42,0
DA:43,0
DA:48,0
DA:52,0
DA:59,0
DA:60,0
DA:62,0
DA:63,0
DA:65,0
DA:66,0
DA:67,0
DA:68,0
DA:70,0
DA:71,0
DA:73,0
DA:75,0
DA:76,0
DA:77,0
DA:79,0
DA:80,0
DA:85,0
DA:87,0
DA:89,0
DA:91,0
DA:92,0
DA:96,0
DA:97,0
DA:98,0
DA:101,0
DA:103,0
DA:105,0
DA:107,0
DA:111,0
DA:114,0
DA:122,0
DA:123,0
DA:125,0
DA:126,0
DA:132,0
DA:134,0
DA:135,0
DA:136,0
DA:140,0
DA:142,0
DA:143,0
DA:144,0
DA:148,0
DA:149,0
DA:150,0
DA:151,0
DA:154,0
DA:155,0
DA:156,0
DA:157,0
DA:159,0
DA:160,0
DA:165,0
DA:167,0
DA:168,0
DA:169,0
DA:172,0
DA:175,0
DA:176,0
DA:180,0
DA:182,0
DA:183,0
DA:185,0
DA:186,0
DA:187,0
DA:189,0
DA:190,0
DA:194,0
DA:195,0
DA:197,0
DA:199,0
DA:200,0
DA:201,0
DA:202,0
DA:206,0
DA:207,0
DA:212,0
DA:213,0
DA:214,0
DA:216,0
DA:217,0
DA:218,0
DA:220,0
DA:221,0
DA:225,0
DA:226,0
DA:228,0
DA:230,0
DA:231,0
DA:232,0
DA:233,0
DA:237,0
DA:238,0
DA:243,0
DA:244,0
DA:246,0
DA:247,0
DA:248,0
DA:250,0
DA:251,0
DA:255,0
DA:256,0
DA:258,0
DA:260,0
DA:261,0
DA:262,0
DA:263,0
DA:267,0
DA:268,0
DA:273,0
DA:276,0
DA:277,0
DA:278,0
DA:282,0
DA:284,0
DA:286,0
DA:288,0
DA:289,0
DA:293,0
DA:294,0
DA:295,0
DA:296,0
DA:297,0
DA:300,0
DA:301,0
DA:307,0
DA:310,0
DA:311,0
DA:312,0
DA:315,0
DA:317,0
DA:318,0
DA:319,0
DA:323,0
DA:325,0
DA:326,0
DA:327,0
DA:328,0
DA:332,0
DA:333,0
DA:334,0
DA:335,0
DA:338,0
DA:343,0
DA:344,0
DA:345,0
DA:346,0
DA:347,0
DA:350,0
DA:351,0
LF:173
LH:0
BRDA:33,0,0,0
BRDA:33,1,0,0
BRDA:33,1,1,0
BRDA:37,2,0,0
BRDA:40,3,0,0
BRDA:40,3,1,0
BRDA:42,4,0,0
BRDA:60,5,0,0
BRDA:62,6,0,0
BRDA:66,7,0,0
BRDA:98,8,0,0
BRDA:103,9,0,0
BRDA:103,9,1,0
BRDA:123,10,0,0
BRDA:135,11,0,0
BRDA:142,12,0,0
BRDA:149,13,0,0
BRDA:168,14,0,0
BRDA:175,15,0,0
BRDA:180,16,0,0
BRDA:182,17,0,0
BRDA:182,17,1,0
BRDA:187,18,0,0
BRDA:187,19,0,0
BRDA:187,19,1,0
BRDA:201,20,0,0
BRDA:201,21,0,0
BRDA:201,21,1,0
BRDA:212,22,0,0
BRDA:213,23,0,0
BRDA:213,23,1,0
BRDA:218,24,0,0
BRDA:232,25,0,0
BRDA:243,26,0,0
BRDA:243,26,1,0
BRDA:248,27,0,0
BRDA:262,28,0,0
BRDA:277,29,0,0
BRDA:295,30,0,0
BRDA:311,31,0,0
BRDA:317,32,0,0
BRDA:326,33,0,0
BRDA:345,34,0,0
BRF:43
BRH:0
end_of_record
TN:
SF:packages/core/infrastructure/services/BasicEncryption.ts
FN:22,(anonymous_0)
FN:24,(anonymous_1)
FN:77,(anonymous_2)
FNF:3
FNH:0
FNDA:0,(anonymous_0)
FNDA:0,(anonymous_1)
FNDA:0,(anonymous_2)
DA:4,0
DA:8,0
DA:15,0
DA:16,0
DA:17,0
DA:18,0
DA:19,0
DA:21,0
DA:22,0
DA:28,0
DA:29,0
DA:30,0
DA:31,0
DA:38,0
DA:39,0
DA:43,0
DA:44,0
DA:48,0
DA:59,0
DA:63,0
DA:81,0
DA:82,0
DA:83,0
DA:84,0
DA:87,0
DA:96,0
DA:97,0
DA:98,0
DA:99,0
DA:100,0
DA:101,0
DA:108,0
DA:109,0
DA:110,0
DA:114,0
DA:118,0
DA:120,0
DA:124,0
LF:38
LH:0
BRDA:60,0,0,0
BRDA:60,0,1,0
BRDA:69,1,0,0
BRDA:69,1,1,0
BRDA:83,2,0,0
BRDA:83,3,0,0
BRDA:83,3,1,0
BRDA:121,4,0,0
BRDA:121,4,1,0
BRDA:130,5,0,0
BRDA:130,5,1,0
BRF:11
BRH:0
end_of_record
TN:
SF:packages/core/infrastructure/services/ConsoleLogger.ts
FN:13,(anonymous_0)
FN:16,(anonymous_1)
FN:23,(anonymous_2)
FN:27,(anonymous_3)
FN:32,(anonymous_4)
FN:37,(anonymous_5)
FN:42,(anonymous_6)
FNF:7
FNH:0
FNDA:0,(anonymous_0)
FNDA:0,(anonymous_1)
FNDA:0,(anonymous_2)
FNDA:0,(anonymous_3)
FNDA:0,(anonymous_4)
FNDA:0,(anonymous_5)
FNDA:0,(anonymous_6)
DA:4,0
DA:11,0
DA:14,0
DA:17,0
DA:18,0
DA:19,0
DA:24,0
DA:28,0
DA:29,0
DA:30,0
DA:33,0
DA:34,0
DA:35,0
DA:38,0
DA:39,0
DA:40,0
DA:43,0
DA:44,0
DA:45,0
LF:19
LH:0
BRDA:18,0,0,0
BRDA:18,1,0,0
BRDA:18,1,1,0
BRDA:28,2,0,0
BRDA:30,3,0,0
BRDA:33,4,0,0
BRDA:35,5,0,0
BRDA:38,6,0,0
BRDA:40,7,0,0
BRDA:43,8,0,0
BRF:10
BRH:0
end_of_record
TN:
SF:packages/core/infrastructure/services/FileLogger.ts
FN:17,(anonymous_9)
FN:23,(anonymous_10)
FN:33,(anonymous_11)
FN:42,(anonymous_12)
FN:46,(anonymous_13)
FN:56,(anonymous_14)
FN:60,(anonymous_15)
FN:64,(anonymous_16)
FN:68,(anonymous_17)
FNF:9
FNH:0
FNDA:0,(anonymous_9)
FNDA:0,(anonymous_10)
FNDA:0,(anonymous_11)
FNDA:0,(anonymous_12)
FNDA:0,(anonymous_13)
FNDA:0,(anonymous_14)
FNDA:0,(anonymous_15)
FNDA:0,(anonymous_16)
FNDA:0,(anonymous_17)
DA:3,0
DA:4,0
DA:6,0
DA:13,0
DA:18,0
DA:19,0
DA:20,0
DA:21,0
DA:24,0
DA:30,0
DA:34,0
DA:35,0
DA:36,0
DA:43,0
DA:47,0
DA:53,0
DA:57,0
DA:58,0
DA:61,0
DA:62,0
DA:65,0
DA:66,0
DA:69,0
DA:70,0
LF:24
LH:0
BRDA:18,0,0,0
BRDA:28,1,0,0
BRDA:28,1,1,0
BRDA:51,2,0,0
BRDA:51,2,1,0
BRDA:57,3,0,0
BRDA:61,4,0,0
BRDA:65,5,0,0
BRDA:69,6,0,0
BRF:9
BRH:0
end_of_record
TN:
SF:packages/core/infrastructure/services/FileStorage.ts
FN:22,(anonymous_9)
FN:30,(anonymous_10)
FN:43,(anonymous_11)
FN:83,(anonymous_12)
FN:139,(anonymous_13)
FN:150,(anonymous_14)
FNF:6
FNH:0
FNDA:0,(anonymous_9)
FNDA:0,(anonymous_10)
FNDA:0,(anonymous_11)
FNDA:0,(anonymous_12)
FNDA:0,(anonymous_13)
FNDA:0,(anonymous_14)
DA:1,0
DA:5,0
DA:6,0
DA:10,0
DA:11,0
DA:19,0
DA:23,0
DA:24,0
DA:27,0
DA:32,0
DA:33,0
DA:34,0
DA:40,0
DA:44,0
DA:45,0
DA:46,0
DA:47,0
DA:48,0
DA:49,0
DA:53,0
DA:54,0
DA:55,0
DA:64,0
DA:66,0
DA:68,0
DA:72,0
DA:87,0
DA:88,0
DA:89,0
DA:90,0
DA:91,0
DA:92,0
DA:93,0
DA:97,0
DA:98,0
DA:99,0
DA:108,0
DA:110,0
DA:111,0
DA:112,0
DA:113,0
DA:114,0
DA:116,0
DA:117,0
DA:118,0
DA:120,0
DA:121,0
DA:122,0
DA:124,0
DA:128,0
DA:140,0
DA:141,0
DA:142,0
DA:143,0
DA:144,0
DA:146,0
DA:151,0
DA:152,0
DA:154,0
DA:155,0
DA:157,0
DA:158,0
DA:159,0
DA:161,0
DA:165,0
LF:65
LH:0
BRDA:33,0,0,0
BRDA:48,1,0,0
BRDA:48,2,0,0
BRDA:48,2,1,0
BRDA:53,3,0,0
BRDA:70,4,0,0
BRDA:70,4,1,0
BRDA:77,5,0,0
BRDA:77,5,1,0
BRDA:92,6,0,0
BRDA:92,7,0,0
BRDA:92,7,1,0
BRDA:97,8,0,0
BRDA:126,9,0,0
BRDA:126,9,1,0
BRDA:133,10,0,0
BRDA:133,10,1,0
BRDA:163,11,0,0
BRDA:163,11,1,0
BRDA:170,12,0,0
BRDA:170,12,1,0
BRF:21
BRH:0
end_of_record
TN:
SF:packages/core/infrastructure/services/CLILogger/CLILogger.ts
FN:5,(anonymous_0)
FN:12,(anonymous_1)
FN:19,(anonymous_2)
FN:26,(anonymous_3)
FN:33,(anonymous_4)
FNF:5
FNH:0
FNDA:0,(anonymous_0)
FNDA:0,(anonymous_1)
FNDA:0,(anonymous_2)
FNDA:0,(anonymous_3)
FNDA:0,(anonymous_4)
DA:3,0
DA:6,0
DA:7,0
DA:8,0
DA:13,0
DA:14,0
DA:15,0
DA:20,0
DA:21,0
DA:22,0
DA:27,0
DA:28,0
DA:29,0
LF:13
LH:0
BRDA:7,0,0,0
BRDA:7,1,0,0
BRDA:7,1,1,0
BRDA:14,2,0,0
BRDA:14,3,0,0
BRDA:14,3,1,0
BRDA:21,4,0,0
BRDA:21,5,0,0
BRDA:21,5,1,0
BRDA:28,6,0,0
BRDA:28,7,0,0
BRDA:28,7,1,0
BRF:12
BRH:0
end_of_record
TN:
SF:packages/core/infrastructure/services/CLILogger/CLILoggerFacade.ts
FN:7,(anonymous_0)
FN:11,(anonymous_1)
FN:15,(anonymous_2)
FN:19,(anonymous_3)
FN:23,(anonymous_4)
FNF:5
FNH:0
FNDA:0,(anonymous_0)
FNDA:0,(anonymous_1)
FNDA:0,(anonymous_2)
FNDA:0,(anonymous_3)
FNDA:0,(anonymous_4)
DA:2,0
DA:4,0
DA:8,0
DA:12,0
DA:16,0
DA:20,0
DA:24,0
LF:7
LH:0
BRF:0
BRH:0
end_of_record
TN:
SF:packages/core/infrastructure/services/ConfigurableLogger/ConfigurableLogger.ts
FN:9,(anonymous_0)
FN:18,(anonymous_1)
FN:19,(anonymous_2)
FN:22,(anonymous_3)
FN:23,(anonymous_4)
FN:25,(anonymous_5)
FN:26,(anonymous_6)
FN:28,(anonymous_7)
FN:29,(anonymous_8)
FN:31,(anonymous_9)
FN:32,(anonymous_10)
FNF:11
FNH:0
FNDA:0,(anonymous_0)
FNDA:0,(anonymous_1)
FNDA:0,(anonymous_2)
FNDA:0,(anonymous_3)
FNDA:0,(anonymous_4)
FNDA:0,(anonymous_5)
FNDA:0,(anonymous_6)
FNDA:0,(anonymous_7)
FNDA:0,(anonymous_8)
FNDA:0,(anonymous_9)
FNDA:0,(anonymous_10)
DA:2,0
DA:3,0
DA:6,0
DA:7,0
DA:10,0
DA:11,0
DA:13,0
DA:14,0
DA:15,0
DA:19,0
DA:23,0
DA:26,0
DA:29,0
DA:32,0
LF:14
LH:0
BRDA:10,0,0,0
BRDA:13,1,0,0
BRDA:14,2,0,0
BRF:3
BRH:0
end_of_record
TN:
SF:packages/core/infrastructure/services/ConfigurableLogger/ConfigurableLoggerFacade.ts
FN:15,(anonymous_9)
FN:19,(anonymous_10)
FN:22,(anonymous_11)
FN:25,(anonymous_12)
FN:28,(anonymous_13)
FNF:5
FNH:0
FNDA:0,(anonymous_9)
FNDA:0,(anonymous_10)
FNDA:0,(anonymous_11)
FNDA:0,(anonymous_12)
FNDA:0,(anonymous_13)
DA:2,0
DA:4,0
DA:6,0
DA:12,0
DA:16,0
DA:20,0
DA:23,0
DA:26,0
DA:29,0
LF:9
LH:0
BRDA:9,0,0,0
BRDA:9,0,1,0
BRDA:9,0,2,0
BRF:3
BRH:0
end_of_record
TN:
SF:packages/core/infrastructure/services/Terminal/TerminalFacade.ts
FN:14,(anonymous_9)
FN:23,(anonymous_10)
FN:27,(anonymous_11)
FN:31,(anonymous_12)
FN:35,(anonymous_13)
FN:39,(anonymous_14)
FN:43,(anonymous_15)
FN:47,(anonymous_16)
FN:51,(anonymous_17)
FN:55,(anonymous_18)
FN:59,(anonymous_19)
FNF:11
FNH:0
FNDA:0,(anonymous_9)
FNDA:0,(anonymous_10)
FNDA:0,(anonymous_11)
FNDA:0,(anonymous_12)
FNDA:0,(anonymous_13)
FNDA:0,(anonymous_14)
FNDA:0,(anonymous_15)
FNDA:0,(anonymous_16)
FNDA:0,(anonymous_17)
FNDA:0,(anonymous_18)
FNDA:0,(anonymous_19)
DA:2,0
DA:3,0
DA:9,0
DA:11,0
DA:15,0
DA:20,0
DA:24,0
DA:28,0
DA:32,0
DA:36,0
DA:40,0
DA:44,0
DA:48,0
DA:52,0
DA:56,0
DA:60,0
LF:16
LH:0
BRDA:15,0,0,0
BRDA:15,0,1,0
BRDA:18,1,0,0
BRDA:18,1,1,0
BRDA:18,1,2,0
BRF:5
BRH:0
end_of_record
TN:
SF:packages/core/infrastructure/services/Terminal/TerminalService.ts
FN:20,(anonymous_0)
FN:25,(anonymous_1)
FN:41,(anonymous_2)
FN:52,(anonymous_3)
FN:156,(anonymous_4)
FN:174,(anonymous_5)
FN:180,(anonymous_6)
FN:235,(anonymous_7)
FN:260,(anonymous_8)
FN:337,(anonymous_9)
FN:347,(anonymous_10)
FN:390,(anonymous_11)
FN:399,(anonymous_12)
FN:417,(anonymous_13)
FN:457,(anonymous_14)
FN:471,(anonymous_15)
FN:481,(anonymous_16)
FN:482,(anonymous_17)
FN:488,(anonymous_18)
FN:492,(anonymous_19)
FN:496,(anonymous_20)
FN:504,(anonymous_21)
FNF:22
FNH:0
FNDA:0,(anonymous_0)
FNDA:0,(anonymous_1)
FNDA:0,(anonymous_2)
FNDA:0,(anonymous_3)
FNDA:0,(anonymous_4)
FNDA:0,(anonymous_5)
FNDA:0,(anonymous_6)
FNDA:0,(anonymous_7)
FNDA:0,(anonymous_8)
FNDA:0,(anonymous_9)
FNDA:0,(anonymous_10)
FNDA:0,(anonymous_11)
FNDA:0,(anonymous_12)
FNDA:0,(anonymous_13)
FNDA:0,(anonymous_14)
FNDA:0,(anonymous_15)
FNDA:0,(anonymous_16)
FNDA:0,(anonymous_17)
FNDA:0,(anonymous_18)
FNDA:0,(anonymous_19)
FNDA:0,(anonymous_20)
FNDA:0,(anonymous_21)
DA:4,0
DA:6,0
DA:7,0
DA:8,0
DA:13,0
DA:14,0
DA:15,0
DA:17,0
DA:20,0
DA:22,0
DA:26,0
DA:28,0
DA:30,0
DA:32,0
DA:34,0
DA:36,0
DA:37,0
DA:42,0
DA:44,0
DA:49,0
DA:53,0
DA:55,0
DA:58,0
DA:60,0
DA:62,0
DA:63,0
DA:67,0
DA:70,0
DA:71,0
DA:72,0
DA:73,0
DA:75,0
DA:76,0
DA:87,0
DA:95,0
DA:98,0
DA:99,0
DA:102,0
DA:103,0
DA:104,0
DA:105,0
DA:107,0
DA:111,0
DA:119,0
DA:126,0
DA:129,0
DA:132,0
DA:133,0
DA:134,0
DA:136,0
DA:140,0
DA:146,0
DA:157,0
DA:159,0
DA:161,0
DA:162,0
DA:164,0
DA:165,0
DA:166,0
DA:169,0
DA:172,0
DA:174,0
DA:177,0
DA:181,0
DA:183,0
DA:185,0
DA:186,0
DA:189,0
DA:190,0
DA:191,0
DA:193,0
DA:196,0
DA:198,0
DA:201,0
DA:207,0
DA:212,0
DA:218,0
DA:220,0
DA:221,0
DA:224,0
DA:225,0
DA:236,0
DA:237,0
DA:239,0
DA:240,0
DA:241,0
DA:245,0
DA:246,0
DA:249,0
DA:250,0
DA:251,0
DA:253,0
DA:256,0
DA:257,0
DA:260,0
DA:261,0
DA:263,0
DA:264,0
DA:265,0
DA:269,0
DA:272,0
DA:273,0
DA:274,0
DA:276,0
DA:278,0
DA:281,0
DA:282,0
DA:283,0
DA:284,0
DA:285,0
DA:286,0
DA:287,0
DA:289,0
DA:291,0
DA:294,0
DA:296,0
DA:303,0
DA:304,0
DA:306,0
DA:311,0
DA:313,0
DA:318,0
DA:321,0
DA:322,0
DA:326,0
DA:327,0
DA:338,0
DA:340,0
DA:348,0
DA:350,0
DA:352,0
DA:353,0
DA:356,0
DA:357,0
DA:358,0
DA:360,0
DA:363,0
DA:365,0
DA:368,0
DA:373,0
DA:375,0
DA:376,0
DA:379,0
DA:380,0
DA:391,0
DA:396,0
DA:400,0
DA:402,0
DA:403,0
DA:404,0
DA:406,0
DA:407,0
DA:418,0
DA:420,0
DA:422,0
DA:425,0
DA:428,0
DA:429,0
DA:430,0
DA:434,0
DA:435,0
DA:436,0
DA:438,0
DA:441,0
DA:442,0
DA:445,0
DA:446,0
DA:458,0
DA:460,0
DA:462,0
DA:465,0
DA:467,0
DA:474,0
DA:475,0
DA:476,0
DA:478,0
DA:482,0
DA:483,0
DA:485,0
DA:486,0
DA:488,0
DA:489,0
DA:492,0
DA:493,0
DA:496,0
DA:497,0
DA:504,0
DA:505,0
LF:188
LH:0
BRDA:28,0,0,0
BRDA:28,0,1,0
BRDA:28,0,2,0
BRDA:28,0,3,0
BRDA:62,1,0,0
BRDA:62,2,0,0
BRDA:62,2,1,0
BRDA:70,3,0,0
BRDA:70,4,0,0
BRDA:70,4,1,0
BRDA:79,5,0,0
BRDA:79,5,1,0
BRDA:88,6,0,0
BRDA:88,6,1,0
BRDA:91,7,0,0
BRDA:91,7,1,0
BRDA:102,8,0,0
BRDA:102,9,0,0
BRDA:102,9,1,0
BRDA:132,10,0,0
BRDA:132,11,0,0
BRDA:132,11,1,0
BRDA:142,12,0,0
BRDA:142,12,1,0
BRDA:149,13,0,0
BRDA:149,13,1,0
BRDA:164,14,0,0
BRDA:190,15,0,0
BRDA:224,16,0,0
BRDA:224,16,1,0
BRDA:228,17,0,0
BRDA:228,17,1,0
BRDA:239,18,0,0
BRDA:250,19,0,0
BRDA:256,20,0,0
BRDA:256,20,1,0
BRDA:263,21,0,0
BRDA:273,22,0,0
BRDA:273,22,1,0
BRDA:286,23,0,0
BRDA:286,23,1,0
BRDA:326,24,0,0
BRDA:326,24,1,0
BRDA:330,25,0,0
BRDA:330,25,1,0
BRDA:357,26,0,0
BRDA:379,27,0,0
BRDA:379,27,1,0
BRDA:383,28,0,0
BRDA:383,28,1,0
BRDA:406,29,0,0
BRDA:406,29,1,0
BRDA:410,30,0,0
BRDA:410,30,1,0
BRDA:425,31,0,0
BRDA:425,31,1,0
BRDA:425,31,2,0
BRDA:425,31,3,0
BRDA:429,32,0,0
BRDA:429,32,1,0
BRDA:435,33,0,0
BRDA:435,33,1,0
BRDA:445,34,0,0
BRDA:445,34,1,0
BRDA:449,35,0,0
BRDA:449,35,1,0
BRDA:460,36,0,0
BRDA:460,36,1,0
BRDA:460,36,2,0
BRDA:460,36,3,0
BRDA:498,37,0,0
BRDA:498,37,1,0
BRF:72
BRH:0
end_of_record
TN:
SF:packages/core/infrastructure/services/Terminal/handlers/LinuxTerminalHandler.ts
FN:6,(anonymous_9)
FN:8,(anonymous_10)
FN:46,(anonymous_11)
FN:90,(anonymous_12)
FN:136,(anonymous_13)
FN:152,(anonymous_14)
FN:206,(anonymous_15)
FN:219,(anonymous_16)
FN:220,(anonymous_17)
FN:223,(anonymous_18)
FN:224,(anonymous_19)
FN:226,(anonymous_20)
FN:235,(anonymous_21)
FN:239,(anonymous_22)
FN:243,(anonymous_23)
FN:255,(anonymous_24)
FN:263,(anonymous_25)
FNF:17
FNH:0
FNDA:0,(anonymous_9)
FNDA:0,(anonymous_10)
FNDA:0,(anonymous_11)
FNDA:0,(anonymous_12)
FNDA:0,(anonymous_13)
FNDA:0,(anonymous_14)
FNDA:0,(anonymous_15)
FNDA:0,(anonymous_16)
FNDA:0,(anonymous_17)
FNDA:0,(anonymous_18)
FNDA:0,(anonymous_19)
FNDA:0,(anonymous_20)
FNDA:0,(anonymous_21)
FNDA:0,(anonymous_22)
FNDA:0,(anonymous_23)
FNDA:0,(anonymous_24)
FNDA:0,(anonymous_25)
DA:5,0
DA:6,0
DA:10,0
DA:22,0
DA:24,0
DA:25,0
DA:26,0
DA:30,0
DA:31,0
DA:32,0
DA:35,0
DA:37,0
DA:42,0
DA:43,0
DA:47,0
DA:50,0
DA:51,0
DA:52,0
DA:53,0
DA:54,0
DA:55,0
DA:56,0
DA:57,0
DA:58,0
DA:59,0
DA:60,0
DA:61,0
DA:62,0
DA:63,0
DA:64,0
DA:65,0
DA:66,0
DA:67,0
DA:70,0
DA:73,0
DA:75,0
DA:79,0
DA:80,0
DA:82,0
DA:83,0
DA:87,0
DA:91,0
DA:94,0
DA:95,0
DA:96,0
DA:98,0
DA:99,0
DA:101,0
DA:102,0
DA:103,0
DA:104,0
DA:105,0
DA:106,0
DA:107,0
DA:108,0
DA:109,0
DA:110,0
DA:111,0
DA:112,0
DA:113,0
DA:116,0
DA:119,0
DA:121,0
DA:125,0
DA:126,0
DA:128,0
DA:129,0
DA:133,0
DA:137,0
DA:138,0
DA:142,0
DA:144,0
DA:145,0
DA:153,0
DA:155,0
DA:156,0
DA:158,0
DA:159,0
DA:160,0
DA:162,0
DA:163,0
DA:164,0
DA:166,0
DA:167,0
DA:168,0
DA:170,0
DA:171,0
DA:172,0
DA:174,0
DA:175,0
DA:176,0
DA:178,0
DA:179,0
DA:180,0
DA:182,0
DA:183,0
DA:184,0
DA:186,0
DA:187,0
DA:188,0
DA:190,0
DA:191,0
DA:192,0
DA:194,0
DA:195,0
DA:200,0
DA:207,0
DA:220,0
DA:224,0
DA:226,0
DA:227,0
DA:232,0
DA:233,0
DA:235,0
DA:236,0
DA:239,0
DA:240,0
DA:243,0
DA:244,0
DA:255,0
DA:256,0
DA:263,0
DA:264,0
DA:265,0
LF:124
LH:0
BRDA:30,0,0,0
BRDA:30,1,0,0
BRDA:30,1,1,0
BRDA:50,2,0,0
BRDA:50,2,1,0
BRDA:52,3,0,0
BRDA:52,3,1,0
BRDA:54,4,0,0
BRDA:54,4,1,0
BRDA:56,5,0,0
BRDA:56,5,1,0
BRDA:58,6,0,0
BRDA:58,6,1,0
BRDA:60,7,0,0
BRDA:60,7,1,0
BRDA:62,8,0,0
BRDA:62,8,1,0
BRDA:64,9,0,0
BRDA:64,9,1,0
BRDA:66,10,0,0
BRDA:66,10,1,0
BRDA:73,11,0,0
BRDA:73,12,0,0
BRDA:73,12,1,0
BRDA:75,13,0,0
BRDA:75,13,1,0
BRDA:75,14,0,0
BRDA:75,14,1,0
BRDA:75,14,2,0
BRDA:75,14,3,0
BRDA:80,15,0,0
BRDA:80,16,0,0
BRDA:80,16,1,0
BRDA:94,17,0,0
BRDA:94,17,1,0
BRDA:96,18,0,0
BRDA:96,18,1,0
BRDA:99,19,0,0
BRDA:99,19,1,0
BRDA:102,20,0,0
BRDA:102,20,1,0
BRDA:104,21,0,0
BRDA:104,21,1,0
BRDA:106,22,0,0
BRDA:106,22,1,0
BRDA:108,23,0,0
BRDA:108,23,1,0
BRDA:110,24,0,0
BRDA:110,24,1,0
BRDA:112,25,0,0
BRDA:112,25,1,0
BRDA:119,26,0,0
BRDA:119,27,0,0
BRDA:119,27,1,0
BRDA:121,28,0,0
BRDA:121,28,1,0
BRDA:121,29,0,0
BRDA:121,29,1,0
BRDA:121,29,2,0
BRDA:121,29,3,0
BRDA:126,30,0,0
BRDA:126,31,0,0
BRDA:126,31,1,0
BRDA:142,32,0,0
BRDA:142,32,1,0
BRDA:155,33,0,0
BRDA:156,34,0,0
BRDA:156,34,1,0
BRDA:159,35,0,0
BRDA:164,36,0,0
BRDA:164,36,1,0
BRDA:167,37,0,0
BRDA:172,38,0,0
BRDA:172,38,1,0
BRDA:175,39,0,0
BRDA:180,40,0,0
BRDA:180,40,1,0
BRDA:183,41,0,0
BRDA:188,42,0,0
BRDA:191,43,0,0
BRDA:250,44,0,0
BRDA:250,44,1,0
BRF:82
BRH:0
end_of_record
TN:
SF:packages/core/infrastructure/services/Terminal/handlers/MacOSTerminalHandler.ts
FN:6,(anonymous_9)
FN:8,(anonymous_10)
FN:15,(anonymous_11)
FN:48,(anonymous_12)
FN:72,(anonymous_13)
FN:88,(anonymous_14)
FN:110,(anonymous_15)
FN:145,(anonymous_16)
FN:164,(anonymous_17)
FN:184,(anonymous_18)
FN:204,(anonymous_19)
FN:205,(anonymous_20)
FN:207,(anonymous_21)
FN:216,(anonymous_22)
FN:220,(anonymous_23)
FN:224,(anonymous_24)
FN:236,(anonymous_25)
FN:244,(anonymous_26)
FNF:18
FNH:0
FNDA:0,(anonymous_9)
FNDA:0,(anonymous_10)
FNDA:0,(anonymous_11)
FNDA:0,(anonymous_12)
FNDA:0,(anonymous_13)
FNDA:0,(anonymous_14)
FNDA:0,(anonymous_15)
FNDA:0,(anonymous_16)
FNDA:0,(anonymous_17)
FNDA:0,(anonymous_18)
FNDA:0,(anonymous_19)
FNDA:0,(anonymous_20)
FNDA:0,(anonymous_21)
FNDA:0,(anonymous_22)
FNDA:0,(anonymous_23)
FNDA:0,(anonymous_24)
FNDA:0,(anonymous_25)
FNDA:0,(anonymous_26)
DA:5,0
DA:6,0
DA:11,0
DA:12,0
DA:16,0
DA:18,0
DA:20,0
DA:21,0
DA:27,0
DA:28,0
DA:30,0
DA:31,0
DA:32,0
DA:33,0
DA:35,0
DA:36,0
DA:37,0
DA:38,0
DA:40,0
DA:41,0
DA:42,0
DA:45,0
DA:49,0
DA:51,0
DA:53,0
DA:54,0
DA:55,0
DA:57,0
DA:58,0
DA:59,0
DA:61,0
DA:62,0
DA:63,0
DA:65,0
DA:66,0
DA:69,0
DA:73,0
DA:74,0
DA:78,0
DA:80,0
DA:81,0
DA:89,0
DA:91,0
DA:92,0
DA:94,0
DA:95,0
DA:96,0
DA:98,0
DA:99,0
DA:104,0
DA:111,0
DA:112,0
DA:115,0
DA:116,0
DA:117,0
DA:118,0
DA:120,0
DA:125,0
DA:126,0
DA:127,0
DA:128,0
DA:129,0
DA:130,0
DA:131,0
DA:133,0
DA:135,0
DA:138,0
DA:139,0
DA:146,0
DA:147,0
DA:148,0
DA:149,0
DA:151,0
DA:152,0
DA:155,0
DA:156,0
DA:157,0
DA:158,0
DA:165,0
DA:167,0
DA:168,0
DA:171,0
DA:173,0
DA:174,0
DA:177,0
DA:178,0
DA:185,0
DA:186,0
DA:187,0
DA:189,0
DA:190,0
DA:193,0
DA:195,0
DA:196,0
DA:199,0
DA:200,0
DA:201,0
DA:205,0
DA:207,0
DA:208,0
DA:213,0
DA:214,0
DA:216,0
DA:217,0
DA:220,0
DA:221,0
DA:224,0
DA:225,0
DA:236,0
DA:237,0
DA:244,0
DA:245,0
DA:246,0
LF:113
LH:0
BRDA:18,0,0,0
BRDA:18,0,1,0
BRDA:28,1,0,0
BRDA:28,1,1,0
BRDA:33,2,0,0
BRDA:33,2,1,0
BRDA:38,3,0,0
BRDA:51,4,0,0
BRDA:51,4,1,0
BRDA:55,5,0,0
BRDA:55,5,1,0
BRDA:59,6,0,0
BRDA:59,6,1,0
BRDA:63,7,0,0
BRDA:78,8,0,0
BRDA:78,8,1,0
BRDA:91,9,0,0
BRDA:92,10,0,0
BRDA:92,10,1,0
BRDA:92,11,0,0
BRDA:92,11,1,0
BRDA:96,12,0,0
BRDA:115,13,0,0
BRDA:117,14,0,0
BRDA:117,14,1,0
BRDA:130,15,0,0
BRDA:130,15,1,0
BRDA:151,16,0,0
BRDA:167,17,0,0
BRDA:173,18,0,0
BRDA:189,19,0,0
BRDA:195,20,0,0
BRDA:231,21,0,0
BRDA:231,21,1,0
BRF:34
BRH:0
end_of_record
TN:
SF:packages/core/infrastructure/services/Terminal/handlers/WindowsTerminalHandler.ts
FN:6,(anonymous_9)
FN:8,(anonymous_10)
FN:44,(anonymous_11)
FN:70,(anonymous_12)
FN:96,(anonymous_13)
FN:101,(anonymous_14)
FN:121,(anonymous_15)
FN:138,(anonymous_16)
FN:139,(anonymous_17)
FN:140,(anonymous_18)
FN:142,(anonymous_19)
FN:151,(anonymous_20)
FN:155,(anonymous_21)
FN:159,(anonymous_22)
FN:171,(anonymous_23)
FN:179,(anonymous_24)
FNF:16
FNH:0
FNDA:0,(anonymous_9)
FNDA:0,(anonymous_10)
FNDA:0,(anonymous_11)
FNDA:0,(anonymous_12)
FNDA:0,(anonymous_13)
FNDA:0,(anonymous_14)
FNDA:0,(anonymous_15)
FNDA:0,(anonymous_16)
FNDA:0,(anonymous_17)
FNDA:0,(anonymous_18)
FNDA:0,(anonymous_19)
FNDA:0,(anonymous_20)
FNDA:0,(anonymous_21)
FNDA:0,(anonymous_22)
FNDA:0,(anonymous_23)
FNDA:0,(anonymous_24)
DA:5,0
DA:6,0
DA:10,0
DA:19,0
DA:21,0
DA:22,0
DA:24,0
DA:28,0
DA:29,0
DA:30,0
DA:33,0
DA:35,0
DA:40,0
DA:41,0
DA:45,0
DA:47,0
DA:49,0
DA:50,0
DA:52,0
DA:53,0
DA:55,0
DA:56,0
DA:58,0
DA:59,0
DA:61,0
DA:62,0
DA:64,0
DA:67,0
DA:71,0
DA:73,0
DA:75,0
DA:76,0
DA:78,0
DA:79,0
DA:81,0
DA:82,0
DA:84,0
DA:85,0
DA:87,0
DA:88,0
DA:90,0
DA:93,0
DA:97,0
DA:99,0
DA:101,0
DA:102,0
DA:103,0
DA:106,0
DA:110,0
DA:113,0
DA:114,0
DA:122,0
DA:124,0
DA:126,0
DA:127,0
DA:128,0
DA:130,0
DA:131,0
DA:135,0
DA:139,0
DA:140,0
DA:142,0
DA:143,0
DA:148,0
DA:149,0
DA:151,0
DA:152,0
DA:155,0
DA:156,0
DA:159,0
DA:160,0
DA:171,0
DA:172,0
DA:179,0
DA:180,0
DA:181,0
LF:76
LH:0
BRDA:28,0,0,0
BRDA:28,1,0,0
BRDA:28,1,1,0
BRDA:47,2,0,0
BRDA:47,2,1,0
BRDA:50,3,0,0
BRDA:50,3,1,0
BRDA:53,4,0,0
BRDA:53,4,1,0
BRDA:56,5,0,0
BRDA:56,5,1,0
BRDA:59,6,0,0
BRDA:59,6,1,0
BRDA:62,7,0,0
BRDA:73,8,0,0
BRDA:73,8,1,0
BRDA:76,9,0,0
BRDA:76,9,1,0
BRDA:79,10,0,0
BRDA:79,10,1,0
BRDA:82,11,0,0
BRDA:82,11,1,0
BRDA:85,12,0,0
BRDA:85,12,1,0
BRDA:88,13,0,0
BRDA:99,14,0,0
BRDA:99,14,1,0
BRDA:99,15,0,0
BRDA:99,15,1,0
BRDA:110,16,0,0
BRDA:110,16,1,0
BRDA:124,17,0,0
BRDA:124,18,0,0
BRDA:124,18,1,0
BRDA:127,19,0,0
BRDA:166,20,0,0
BRDA:166,20,1,0
BRF:37
BRH:0
end_of_record
TN:
SF:packages/core/services/config/ConfigFacade.ts
FN:14,(anonymous_9)
FN:29,(anonymous_10)
FN:32,(anonymous_11)
FN:35,(anonymous_12)
FNF:4
FNH:0
FNDA:0,(anonymous_9)
FNDA:0,(anonymous_10)
FNDA:0,(anonymous_11)
FNDA:0,(anonymous_12)
DA:2,0
DA:3,0
DA:4,0
DA:5,0
DA:9,0
DA:11,0
DA:19,0
DA:24,0
DA:25,0
DA:26,0
DA:30,0
DA:33,0
DA:36,0
LF:13
LH:0
BRDA:19,0,0,0
BRDA:19,0,1,0
BRDA:22,1,0,0
BRDA:22,1,1,0
BRDA:22,1,2,0
BRDA:24,2,0,0
BRDA:24,2,1,0
BRF:7
BRH:0
end_of_record
TN:
SF:packages/core/services/config/ConfigService.ts
FN:7,(anonymous_0)
FN:12,(anonymous_1)
FN:23,(anonymous_2)
FN:34,(anonymous_3)
FNF:4
FNH:4
FNDA:23,(anonymous_0)
FNDA:5,(anonymous_1)
FNDA:7,(anonymous_2)
FNDA:11,(anonymous_3)
DA:3,1
DA:6,1
DA:8,23
DA:9,23
DA:13,5
DA:14,5
DA:15,4
DA:16,1
DA:18,3
DA:20,4
DA:24,7
DA:25,7
DA:26,6
DA:27,3
DA:29,3
DA:31,6
DA:35,11
DA:36,11
DA:37,10
DA:38,1
DA:39,1
DA:41,9
DA:43,9
DA:44,9
DA:45,3
DA:46,3
DA:48,6
DA:49,6
LF:28
LH:28
BRDA:15,0,0,1
BRDA:15,0,1,3
BRDA:26,1,0,3
BRDA:26,1,1,3
BRDA:37,2,0,1
BRDA:44,3,0,3
BRF:6
BRH:6
end_of_record
TN:
SF:packages/core/services/git/GitFacade.ts
FN:14,(anonymous_9)
FN:27,(anonymous_10)
FN:31,(anonymous_11)
FN:35,(anonymous_12)
FN:39,(anonymous_13)
FN:43,(anonymous_14)
FN:47,(anonymous_15)
FN:51,(anonymous_16)
FN:55,(anonymous_17)
FN:59,(anonymous_18)
FN:63,(anonymous_19)
FN:67,(anonymous_20)
FN:71,(anonymous_21)
FN:75,(anonymous_22)
FNF:14
FNH:0
FNDA:0,(anonymous_9)
FNDA:0,(anonymous_10)
FNDA:0,(anonymous_11)
FNDA:0,(anonymous_12)
FNDA:0,(anonymous_13)
FNDA:0,(anonymous_14)
FNDA:0,(anonymous_15)
FNDA:0,(anonymous_16)
FNDA:0,(anonymous_17)
FNDA:0,(anonymous_18)
FNDA:0,(anonymous_19)
FNDA:0,(anonymous_20)
FNDA:0,(anonymous_21)
FNDA:0,(anonymous_22)
DA:2,0
DA:3,0
DA:4,0
DA:8,0
DA:11,0
DA:19,0
DA:24,0
DA:25,0
DA:28,0
DA:32,0
DA:36,0
DA:40,0
DA:44,0
DA:48,0
DA:52,0
DA:56,0
DA:60,0
DA:64,0
DA:68,0
DA:72,0
DA:76,0
LF:21
LH:0
BRDA:19,0,0,0
BRDA:19,0,1,0
BRDA:22,1,0,0
BRDA:22,1,1,0
BRDA:22,1,2,0
BRDA:24,2,0,0
BRDA:24,2,1,0
BRF:7
BRH:0
end_of_record
TN:
SF:packages/core/services/git/GitService.ts
FN:11,(anonymous_0)
FN:17,(anonymous_1)
FN:31,(anonymous_2)
FN:36,(anonymous_3)
FN:57,(anonymous_4)
FN:64,(anonymous_5)
FN:65,(anonymous_6)
FN:66,(anonymous_7)
FN:67,(anonymous_8)
FN:68,(anonymous_9)
FN:79,(anonymous_10)
FN:114,(anonymous_11)
FN:149,(anonymous_12)
FN:175,(anonymous_13)
FN:176,(anonymous_14)
FN:200,(anonymous_15)
FN:214,(anonymous_16)
FN:237,(anonymous_17)
FN:258,(anonymous_18)
FN:273,(anonymous_19)
FN:300,(anonymous_20)
FN:327,(anonymous_21)
FN:383,(anonymous_22)
FN:454,(anonymous_23)
FN:481,(anonymous_24)
FN:509,(anonymous_25)
FN:511,(anonymous_26)
FN:596,(anonymous_27)
FNF:28
FNH:0
FNDA:0,(anonymous_0)
FNDA:0,(anonymous_1)
FNDA:0,(anonymous_2)
FNDA:0,(anonymous_3)
FNDA:0,(anonymous_4)
FNDA:0,(anonymous_5)
FNDA:0,(anonymous_6)
FNDA:0,(anonymous_7)
FNDA:0,(anonymous_8)
FNDA:0,(anonymous_9)
FNDA:0,(anonymous_10)
FNDA:0,(anonymous_11)
FNDA:0,(anonymous_12)
FNDA:0,(anonymous_13)
FNDA:0,(anonymous_14)
FNDA:0,(anonymous_15)
FNDA:0,(anonymous_16)
[...]
DA:132,0
DA:133,0
DA:135,0
DA:138,0
DA:139,0
DA:140,0
DA:142,0
DA:143,0
DA:146,0
DA:148,0
DA:151,0
DA:155,0
DA:156,0
DA:158,0
DA:159,0
DA:160,0
DA:162,0
DA:165,0
DA:168,0
DA:171,0
DA:177,0
DA:181,0
DA:185,0
DA:189,0
LF:64
LH:0
BRDA:31,0,0,0
BRDA:33,1,0,0
BRDA:33,2,0,0
BRDA:33,2,1,0
BRDA:40,3,0,0
BRDA:40,3,1,0
BRDA:43,4,0,0
BRDA:43,4,1,0
BRDA:45,5,0,0
BRDA:45,5,1,0
BRDA:47,6,0,0
BRDA:47,6,1,0
BRDA:55,7,0,0
BRDA:61,8,0,0
BRDA:66,9,0,0
BRDA:66,9,1,0
BRDA:67,10,0,0
BRDA:67,10,1,0
BRDA:68,11,0,0
BRDA:68,11,1,0
BRDA:69,12,0,0
BRDA:69,12,1,0
BRDA:70,13,0,0
BRDA:70,13,1,0
BRDA:71,14,0,0
BRDA:71,14,1,0
BRDA:72,15,0,0
BRDA:72,15,1,0
BRDA:73,16,0,0
BRDA:73,16,1,0
BRDA:76,17,0,0
BRDA:90,18,0,0
BRDA:92,19,0,0
BRDA:95,20,0,0
BRDA:97,21,0,0
BRDA:97,21,1,0
BRDA:101,22,0,0
BRDA:104,23,0,0
BRDA:129,24,0,0
BRDA:129,25,0,0
BRDA:129,25,1,0
BRDA:129,25,2,0
BRDA:133,26,0,0
BRDA:138,27,0,0
BRDA:142,28,0,0
BRDA:155,29,0,0
BRDA:155,30,0,0
BRDA:155,30,1,0
BRDA:155,30,2,0
BRDA:159,31,0,0
BRF:50
BRH:0
end_of_record
TN:
SF:packages/core/services/storage/FileStorageFacade.ts
FN:19,(anonymous_9)
FN:40,(anonymous_10)
FN:44,(anonymous_11)
FN:48,(anonymous_12)
FN:52,(anonymous_13)
FNF:5
FNH:0
FNDA:0,(anonymous_9)
FNDA:0,(anonymous_10)
FNDA:0,(anonymous_11)
FNDA:0,(anonymous_12)
FNDA:0,(anonymous_13)
DA:2,0
DA:3,0
DA:4,0
DA:8,0
DA:16,0
DA:24,0
DA:29,0
DA:31,0
DA:36,0
DA:37,0
DA:41,0
DA:45,0
DA:49,0
DA:53,0
LF:14
LH:0
BRDA:24,0,0,0
BRDA:24,0,1,0
BRDA:27,1,0,0
BRDA:27,1,1,0
BRDA:27,1,2,0
BRDA:29,2,0,0
BRDA:29,2,1,0
BRDA:33,3,0,0
BRDA:33,3,1,0
BRDA:33,3,2,0
BRF:10
BRH:0
end_of_record
TN:
SF:packages/core/services/terminals/TerminalCollectionFacade.ts
FN:16,(anonymous_9)
FN:39,(anonymous_10)
FN:43,(anonymous_11)
FN:47,(anonymous_12)
FN:51,(anonymous_13)
FN:55,(anonymous_14)
FN:59,(anonymous_15)
FNF:7
FNH:0
FNDA:0,(anonymous_9)
FNDA:0,(anonymous_10)
FNDA:0,(anonymous_11)
FNDA:0,(anonymous_12)
FNDA:0,(anonymous_13)
FNDA:0,(anonymous_14)
FNDA:0,(anonymous_15)
DA:2,0
DA:3,0
DA:4,0
DA:5,0
DA:6,0
DA:7,0
DA:8,0
DA:11,0
DA:13,0
DA:21,0
DA:26,0
DA:27,0
DA:31,0
DA:32,0
DA:33,0
DA:34,0
DA:36,0
DA:40,0
DA:44,0
DA:48,0
DA:52,0
DA:56,0
DA:60,0
LF:23
LH:0
BRDA:21,0,0,0
BRDA:21,0,1,0
BRDA:24,1,0,0
BRDA:24,1,1,0
BRDA:24,1,2,0
BRDA:26,2,0,0
BRDA:26,2,1,0
BRDA:29,3,0,0
BRDA:29,3,1,0
BRDA:29,4,0,0
BRDA:29,4,1,0
BRDA:29,4,2,0
BRF:12
BRH:0
end_of_record
TN:
SF:packages/core/services/terminals/TerminalCollectionService.ts
FN:18,(anonymous_9)
FN:28,(anonymous_10)
FN:44,(anonymous_11)
FN:55,(anonymous_12)
FN:67,(anonymous_13)
FN:79,(anonymous_14)
FN:91,(anonymous_15)
FN:103,(anonymous_16)
FN:154,(anonymous_17)
FN:183,(anonymous_18)
FN:189,(anonymous_19)
FN:206,(anonymous_20)
FN:254,(anonymous_21)
FN:297,(anonymous_22)
FN:347,(anonymous_23)
FN:359,(anonymous_24)
FN:431,(anonymous_25)
FN:439,(anonymous_26)
FN:447,(anonymous_27)
FN:452,(anonymous_28)
FN:453,(anonymous_29)
FN:469,(anonymous_30)
FN:472,(anonymous_31)
FN:473,(anonymous_32)
FN:482,(anonymous_33)
FN:487,(anonymous_34)
FN:496,(anonymous_35)
FN:497,(anonymous_36)
FN:520,(anonymous_37)
FNF:29
FNH:0
FNDA:0,(anonymous_9)
FNDA:0,(anonymous_10)
FNDA:0,(anonymous_11)
FNDA:0,(anonymous_12)
FNDA:0,(anonymous_13)
FNDA:0,(anonymous_14)
FNDA:0,(anonymous_15)
FNDA:0,(anonymous_16)
FNDA:0,(anonymous_17)
FNDA:0,(anonymous_18)
FNDA:0,(anonymous_19)
FNDA:0,(anonymous_20)
FNDA:0,(anonymous_21)
FNDA:0,(anonymous_22)
FNDA:0,(anonymous_23)
FNDA:0,(anonymous_24)
FNDA:0,(anonymous_25)
FNDA:0,(anonymous_26)
FNDA:0,(anonymous_27)
FNDA:0,(anonymous_28)
FNDA:0,(anonymous_29)
FNDA:0,(anonymous_30)
FNDA:0,(anonymous_31)
FNDA:0,(anonymous_32)
FNDA:0,(anonymous_33)
FNDA:0,(anonymous_34)
FNDA:0,(anonymous_35)
FNDA:0,(anonymous_36)
FNDA:0,(anonymous_37)
DA:7,0
DA:10,0
DA:11,0
DA:12,0
DA:13,0
DA:15,0
DA:19,0
DA:20,0
DA:21,0
DA:22,0
DA:25,0
DA:29,0
DA:31,0
DA:33,0
DA:35,0
DA:37,0
DA:39,0
DA:40,0
DA:45,0
DA:46,0
DA:47,0
DA:48,0
DA:50,0
DA:52,0
DA:56,0
DA:58,0
DA:59,0
DA:60,0
DA:62,0
DA:64,0
DA:68,0
DA:70,0
DA:71,0
DA:72,0
DA:74,0
DA:76,0
DA:80,0
DA:82,0
DA:83,0
DA:84,0
DA:86,0
DA:88,0
DA:92,0
DA:94,0
DA:95,0
DA:96,0
DA:98,0
DA:100,0
DA:104,0
DA:107,0
DA:108,0
DA:109,0
DA:112,0
DA:113,0
DA:116,0
DA:117,0
DA:119,0
DA:128,0
DA:131,0
DA:132,0
DA:136,0
DA:140,0
DA:141,0
DA:142,0
DA:143,0
DA:144,0
DA:146,0
DA:147,0
DA:149,0
DA:150,0
DA:159,0
DA:162,0
DA:163,0
DA:164,0
DA:165,0
DA:166,0
DA:169,0
DA:170,0
DA:172,0
DA:177,0
DA:178,0
DA:179,0
DA:183,0
DA:186,0
DA:194,0
DA:197,0
DA:198,0
DA:199,0
DA:201,0
DA:202,0
DA:211,0
DA:216,0
DA:217,0
DA:219,0
DA:220,0
DA:222,0
DA:223,0
DA:224,0
DA:225,0
DA:228,0
DA:229,0
DA:232,0
DA:241,0
DA:242,0
DA:245,0
DA:246,0
DA:250,0
DA:254,0
DA:255,0
DA:256,0
DA:260,0
DA:261,0
DA:263,0
DA:266,0
DA:273,0
DA:278,0
DA:279,0
DA:285,0
DA:286,0
DA:289,0
DA:294,0
DA:302,0
DA:308,0
DA:309,0
DA:311,0
DA:312,0
DA:314,0
DA:315,0
DA:316,0
DA:317,0
DA:320,0
DA:321,0
DA:324,0
DA:333,0
DA:339,0
DA:340,0
DA:343,0
DA:344,0
DA:347,0
DA:349,0
DA:352,0
DA:359,0
DA:360,0
DA:361,0
DA:364,0
DA:367,0
DA:368,0
DA:369,0
DA:371,0
DA:375,0
DA:382,0
DA:389,0
DA:390,0
DA:391,0
DA:395,0
DA:400,0
DA:401,0
DA:408,0
DA:409,0
DA:414,0
DA:415,0
DA:416,0
DA:419,0
DA:420,0
DA:423,0
DA:428,0
DA:434,0
DA:435,0
DA:436,0
DA:439,0
DA:440,0
DA:441,0
DA:444,0
DA:450,0
DA:452,0
DA:453,0
DA:454,0
DA:456,0
DA:458,0
DA:462,0
DA:463,0
DA:465,0
DA:470,0
DA:472,0
DA:473,0
DA:474,0
DA:476,0
DA:478,0
DA:484,0
DA:493,0
DA:495,0
DA:496,0
DA:497,0
DA:500,0
DA:501,0
DA:504,0
DA:506,0
DA:509,0
DA:514,0
DA:515,0
DA:516,0
DA:520,0
DA:521,0
DA:522,0
DA:523,0
DA:525,0
DA:529,0
DA:534,0
DA:537,0
DA:538,0
LF:210
LH:0
BRDA:31,0,0,0
BRDA:31,0,1,0
BRDA:31,0,2,0
BRDA:31,0,3,0
BRDA:47,1,0,0
BRDA:47,1,1,0
BRDA:59,2,0,0
BRDA:59,2,1,0
BRDA:71,3,0,0
BRDA:71,3,1,0
BRDA:83,4,0,0
BRDA:83,4,1,0
BRDA:95,5,0,0
BRDA:95,5,1,0
BRDA:108,6,0,0
BRDA:116,7,0,0
BRDA:116,7,1,0
BRDA:117,8,0,0
BRDA:117,8,1,0
BRDA:131,9,0,0
BRDA:140,10,0,0
BRDA:140,10,1,0
BRDA:142,11,0,0
BRDA:142,11,1,0
BRDA:144,12,0,0
BRDA:144,12,1,0
BRDA:164,13,0,0
BRDA:177,14,0,0
BRDA:197,15,0,0
BRDA:197,15,1,0
BRDA:223,16,0,0
BRDA:245,17,0,0
BRDA:260,18,0,0
BRDA:260,18,1,0
BRDA:278,19,0,0
BRDA:315,20,0,0
BRDA:336,21,0,0
BRDA:336,21,1,0
BRDA:343,22,0,0
BRDA:368,23,0,0
BRDA:368,23,1,0
BRDA:385,24,0,0
BRDA:385,24,1,0
BRDA:389,25,0,0
BRDA:400,26,0,0
BRDA:403,27,0,0
BRDA:403,27,1,0
BRDA:414,28,0,0
BRDA:435,29,0,0
BRDA:439,30,0,0
BRDA:439,30,1,0
BRDA:440,31,0,0
BRDA:450,32,0,0
BRDA:450,32,1,0
BRDA:450,33,0,0
BRDA:450,33,1,0
BRDA:454,34,0,0
BRDA:454,34,1,0
BRDA:462,35,0,0
BRDA:462,35,1,0
BRDA:470,36,0,0
BRDA:470,36,1,0
BRDA:470,37,0,0
BRDA:470,37,1,0
BRDA:474,38,0,0
BRDA:474,38,1,0
BRDA:514,39,0,0
BRDA:537,40,0,0
BRDA:537,40,1,0
BRDA:540,41,0,0
BRDA:540,41,1,0
BRF:71
BRH:0
end_of_record
TN:
SF:packages/core/use-cases/config/ExportConfig.ts
FN:7,(anonymous_0)
FN:10,(anonymous_1)
FNF:2
FNH:0
FNDA:0,(anonymous_0)
FNDA:0,(anonymous_1)
DA:2,0
DA:3,0
DA:5,0
DA:8,0
DA:11,0
DA:12,0
DA:13,0
LF:7
LH:0
BRDA:8,0,0,0
BRDA:8,0,1,0
BRDA:12,1,0,0
BRF:3
BRH:0
end_of_record
TN:
SF:packages/core/use-cases/config/GetConfig.ts
FN:8,(anonymous_0)
FN:11,(anonymous_1)
FNF:2
FNH:0
FNDA:0,(anonymous_0)
FNDA:0,(anonymous_1)
DA:4,0
DA:6,0
DA:9,0
DA:12,0
LF:4
LH:0
BRDA:9,0,0,0
BRDA:9,0,1,0
BRF:2
BRH:0
end_of_record
TN:
SF:packages/core/use-cases/config/ImportConfig.ts
FN:9,(anonymous_0)
FN:12,(anonymous_1)
FNF:2
FNH:0
FNDA:0,(anonymous_0)
FNDA:0,(anonymous_1)
DA:3,0
DA:4,0
DA:5,0
DA:7,0
DA:10,0
DA:14,0
DA:15,0
DA:17,0
DA:19,0
DA:20,0
DA:21,0
LF:11
LH:0
BRDA:10,0,0,0
BRDA:10,0,1,0
BRDA:20,1,0,0
BRF:3
BRH:0
end_of_record
TN:
SF:packages/core/use-cases/config/ResetAll.ts
FN:23,(anonymous_9)
FN:33,(anonymous_10)
FN:59,(anonymous_11)
FN:66,(anonymous_12)
FN:81,(anonymous_13)
FN:142,(anonymous_14)
FN:153,(anonymous_15)
FN:164,(anonymous_16)
FN:175,(anonymous_17)
FN:187,(anonymous_18)
FNF:10
FNH:0
FNDA:0,(anonymous_9)
FNDA:0,(anonymous_10)
FNDA:0,(anonymous_11)
FNDA:0,(anonymous_12)
FNDA:0,(anonymous_13)
FNDA:0,(anonymous_14)
FNDA:0,(anonymous_15)
FNDA:0,(anonymous_16)
FNDA:0,(anonymous_17)
FNDA:0,(anonymous_18)
DA:2,0
DA:3,0
DA:4,0
DA:5,0
DA:6,0
DA:7,0
DA:8,0
DA:18,0
DA:19,0
DA:20,0
DA:24,0
DA:27,0
DA:28,0
DA:29,0
DA:34,0
DA:36,0
DA:37,0
DA:38,0
DA:41,0
DA:46,0
DA:53,0
DA:60,0
DA:61,0
DA:63,0
DA:67,0
DA:69,0
DA:70,0
DA:71,0
DA:78,0
DA:82,0
DA:84,0
DA:85,0
DA:88,0
DA:89,0
DA:95,0
DA:98,0
DA:99,0
DA:100,0
DA:101,0
DA:102,0
DA:105,0
DA:106,0
DA:107,0
DA:111,0
DA:112,0
DA:113,0
DA:117,0
DA:118,0
DA:119,0
DA:123,0
DA:124,0
DA:125,0
DA:129,0
DA:130,0
DA:133,0
DA:135,0
DA:143,0
DA:144,0
DA:145,0
DA:146,0
DA:147,0
DA:154,0
DA:155,0
DA:156,0
DA:157,0
DA:158,0
DA:165,0
DA:166,0
DA:167,0
DA:168,0
DA:169,0
DA:176,0
DA:177,0
DA:178,0
DA:179,0
DA:181,0
DA:188,0
DA:189,0
DA:192,0
DA:193,0
DA:194,0
DA:195,0
DA:196,0
DA:203,0
DA:210,0
DA:211,0
DA:212,0
DA:213,0
LF:88
LH:0
BRDA:27,0,0,0
BRDA:34,1,0,0
BRDA:37,2,0,0
BRDA:37,2,1,0
BRDA:37,3,0,0
BRDA:37,3,1,0
BRDA:41,4,0,0
BRDA:41,4,1,0
BRDA:41,4,2,0
BRDA:60,5,0,0
BRDA:70,6,0,0
BRDA:70,7,0,0
BRDA:70,7,1,0
BRDA:78,8,0,0
BRDA:78,8,1,0
BRDA:78,8,2,0
BRDA:84,9,0,0
BRDA:84,10,0,0
BRDA:84,10,1,0
BRDA:88,11,0,0
BRDA:98,12,0,0
BRDA:98,12,1,0
BRDA:98,12,2,0
BRDA:98,12,3,0
BRDA:98,12,4,0
BRDA:99,13,0,0
BRDA:99,13,1,0
BRDA:100,14,0,0
BRDA:100,14,1,0
BRDA:101,15,0,0
BRDA:101,15,1,0
BRDA:102,16,0,0
BRDA:102,16,1,0
BRDA:105,17,0,0
BRDA:111,18,0,0
BRDA:117,19,0,0
BRDA:123,20,0,0
BRDA:129,21,0,0
BRDA:137,22,0,0
BRDA:137,22,1,0
BRF:40
BRH:0
end_of_record
TN:
SF:packages/core/use-cases/config/ResetConfig.ts
FN:9,(anonymous_0)
FN:12,(anonymous_1)
FNF:2
FNH:0
FNDA:0,(anonymous_0)
FNDA:0,(anonymous_1)
DA:3,0
DA:4,0
DA:5,0
DA:7,0
DA:10,0
DA:13,0
DA:14,0
DA:15,0
LF:8
LH:0
BRDA:10,0,0,0
BRDA:10,0,1,0
BRDA:14,1,0,0
BRF:3
BRH:0
end_of_record
TN:
SF:packages/core/use-cases/config/UpdateConfig.ts
FN:8,(anonymous_0)
FN:11,(anonymous_1)
FNF:2
FNH:0
FNDA:0,(anonymous_0)
FNDA:0,(anonymous_1)
DA:4,0
DA:6,0
DA:9,0
DA:12,0
LF:4
LH:0
BRDA:9,0,0,0
BRDA:9,0,1,0
BRF:2
BRH:0
end_of_record
TN:
SF:packages/core/use-cases/config/utils.ts
FN:5,getPackageVersion
FN:11,getDefaultConfig
FNF:2
FNH:0
FNDA:0,getPackageVersion
FNDA:0,getDefaultConfig
DA:3,0
DA:8,0
DA:11,0
DA:12,0
DA:14,0
LF:5
LH:0
BRDA:8,0,0,0
BRDA:8,0,1,0
BRDA:8,0,2,0
BRDA:12,1,0,0
BRDA:12,1,1,0
BRDA:12,2,0,0
BRDA:12,2,1,0
BRDA:12,2,2,0
BRF:8
BRH:0
end_of_record
TN:
SF:packages/core/use-cases/git/ApplyStash.ts
FN:9,(anonymous_0)
FN:13,(anonymous_1)
FNF:2
FNH:0
FNDA:0,(anonymous_0)
FNDA:0,(anonymous_1)
DA:4,0
DA:6,0
DA:10,0
DA:14,0
LF:4
LH:0
BRDA:10,0,0,0
BRDA:10,0,1,0
BRF:2
BRH:0
end_of_record
TN:
SF:packages/core/use-cases/git/CommitChanges.ts
FN:8,(anonymous_0)
FN:12,(anonymous_1)
FNF:2
FNH:0
FNDA:0,(anonymous_0)
FNDA:0,(anonymous_1)
DA:3,0
DA:5,0
DA:9,0
DA:13,0
LF:4
LH:0
BRDA:9,0,0,0
BRDA:9,0,1,0
BRF:2
BRH:0
end_of_record
TN:
SF:packages/core/use-cases/git/CreateStash.ts
FN:9,(anonymous_0)
FN:13,(anonymous_1)
FNF:2
FNH:0
FNDA:0,(anonymous_0)
FNDA:0,(anonymous_1)
DA:4,0
DA:6,0
DA:10,0
DA:14,0
LF:4
LH:0
BRDA:10,0,0,0
BRDA:10,0,1,0
BRF:2
BRH:0
end_of_record
TN:
SF:packages/core/use-cases/git/DeleteStash.ts
FN:8,(anonymous_0)
FN:12,(anonymous_1)
FNF:2
FNH:0
FNDA:0,(anonymous_0)
FNDA:0,(anonymous_1)
DA:3,0
DA:5,0
DA:9,0
DA:13,0
LF:4
LH:0
BRDA:9,0,0,0
BRDA:9,0,1,0
BRF:2
BRH:0
end_of_record
TN:
SF:packages/core/use-cases/git/GetCurrentCommit.ts
FN:8,(anonymous_0)
FN:12,(anonymous_1)
FNF:2
FNH:0
FNDA:0,(anonymous_0)
FNDA:0,(anonymous_1)
DA:3,0
DA:5,0
DA:9,0
DA:13,0
LF:4
LH:0
BRDA:9,0,0,0
BRDA:9,0,1,0
BRF:2
BRH:0
end_of_record
TN:
SF:packages/core/use-cases/git/GetDirtyData.ts
FN:9,(anonymous_0)
FN:13,(anonymous_1)
FNF:2
FNH:0
FNDA:0,(anonymous_0)
FNDA:0,(anonymous_1)
DA:4,0
DA:6,0
DA:10,0
DA:14,0
LF:4
LH:0
BRDA:10,0,0,0
BRDA:10,0,1,0
BRF:2
BRH:0
end_of_record
TN:
SF:packages/core/use-cases/git/GetGitStatus.ts
FN:9,(anonymous_0)
FN:13,(anonymous_1)
FNF:2
FNH:0
FNDA:0,(anonymous_0)
FNDA:0,(anonymous_1)
DA:4,0
DA:6,0
DA:10,0
DA:14,0
LF:4
LH:0
BRDA:10,0,0,0
BRDA:10,0,1,0
BRF:2
BRH:0
end_of_record
TN:
SF:packages/core/use-cases/git/GetIsDirty.ts
FN:8,(anonymous_0)
FN:12,(anonymous_1)
FNF:2
FNH:0
FNDA:0,(anonymous_0)
FNDA:0,(anonymous_1)
DA:3,0
DA:5,0
DA:9,0
DA:13,0
LF:4
LH:0
BRDA:9,0,0,0
BRDA:9,0,1,0
BRF:2
BRH:0
end_of_record
TN:
SF:packages/core/use-cases/git/ListStashes.ts
FN:9,(anonymous_0)
FN:13,(anonymous_1)
FNF:2
FNH:0
FNDA:0,(anonymous_0)
FNDA:0,(anonymous_1)
DA:4,0
DA:6,0
DA:10,0
DA:14,0
LF:4
LH:0
BRDA:10,0,0,0
BRDA:10,0,1,0
BRF:2
BRH:0
end_of_record
TN:
SF:packages/core/use-cases/ide/GetAvailableIDEs.ts
FN:9,(anonymous_0)
FN:13,(anonymous_1)
FNF:2
FNH:0
FNDA:0,(anonymous_0)
FNDA:0,(anonymous_1)
DA:2,0
DA:6,0
DA:10,0
DA:14,0
LF:4
LH:0
BRDA:10,0,0,0
BRDA:10,0,1,0
BRF:2
BRH:0
end_of_record
TN:
SF:packages/core/use-cases/ide/OpenFiles.ts
FN:9,(anonymous_0)
FN:13,(anonymous_1)
FNF:2
FNH:0
FNDA:0,(anonymous_0)
FNDA:0,(anonymous_1)
DA:2,0
DA:6,0
DA:10,0
DA:14,0
LF:4
LH:0
BRDA:10,0,0,0
BRDA:10,0,1,0
BRF:2
BRH:0
end_of_record
TN:
SF:packages/core/use-cases/ide/OpenIDE.ts
FN:8,(anonymous_0)
FN:12,(anonymous_1)
FNF:2
FNH:0
FNDA:0,(anonymous_0)
FNDA:0,(anonymous_1)
DA:2,0
DA:5,0
DA:9,0
DA:13,0
LF:4
LH:0
BRDA:9,0,0,0
BRDA:9,0,1,0
BRF:2
BRH:0
end_of_record
TN:
SF:packages/core/use-cases/scripts/CreateScript.ts
FN:9,(anonymous_0)
FN:13,(anonymous_1)
FNF:2
FNH:0
FNDA:0,(anonymous_0)
FNDA:0,(anonymous_1)
DA:4,0
DA:6,0
DA:10,0
DA:14,0
LF:4
LH:0
BRDA:10,0,0,0
BRDA:10,0,1,0
BRF:2
BRH:0
end_of_record
TN:
SF:packages/core/use-cases/scripts/DeleteScript.ts
FN:8,(anonymous_0)
FN:12,(anonymous_1)
FNF:2
FNH:0
FNDA:0,(anonymous_0)
FNDA:0,(anonymous_1)
DA:3,0
DA:5,0
DA:9,0
DA:13,0
LF:4
LH:0
BRDA:9,0,0,0
BRDA:9,0,1,0
BRF:2
BRH:0
end_of_record
TN:
SF:packages/core/use-cases/scripts/GetScripts.ts
FN:9,(anonymous_0)
FN:13,(anonymous_1)
FNF:2
FNH:0
FNDA:0,(anonymous_0)
FNDA:0,(anonymous_1)
DA:4,0
DA:6,0
DA:10,0
DA:14,0
LF:4
LH:0
BRDA:10,0,0,0
BRDA:10,0,1,0
BRF:2
BRH:0
end_of_record
TN:
SF:packages/core/use-cases/scripts/UpdateScript.ts
FN:9,(anonymous_0)
FN:13,(anonymous_1)
FNF:2
FNH:0
FNDA:0,(anonymous_0)
FNDA:0,(anonymous_1)
DA:4,0
DA:6,0
DA:10,0
DA:14,0
LF:4
LH:0
BRDA:10,0,0,0
BRDA:10,0,1,0
BRF:2
BRH:0
end_of_record
TN:
SF:packages/core/use-cases/session/DeleteSession.ts
FN:8,(anonymous_0)
FN:12,(anonymous_1)
FNF:2
FNH:0
FNDA:0,(anonymous_0)
FNDA:0,(anonymous_1)
DA:3,0
DA:5,0
DA:9,0
DA:13,0
LF:4
LH:0
BRDA:9,0,0,0
BRDA:9,0,1,0
BRF:2
BRH:0
end_of_record
TN:
SF:packages/core/use-cases/session/GetSession.ts
FN:9,(anonymous_0)
FN:13,(anonymous_1)
FNF:2
FNH:0
FNDA:0,(anonymous_0)
FNDA:0,(anonymous_1)
DA:4,0
DA:6,0
DA:10,0
DA:14,0
LF:4
LH:0
BRDA:10,0,0,0
BRDA:10,0,1,0
BRF:2
BRH:0
end_of_record
TN:
SF:packages/core/use-cases/session/ListSessions.ts
FN:9,(anonymous_0)
FN:13,(anonymous_1)
FNF:2
FNH:0
FNDA:0,(anonymous_0)
FNDA:0,(anonymous_1)
DA:4,0
DA:6,0
DA:10,0
DA:14,0
LF:4
LH:0
BRDA:10,0,0,0
BRDA:10,0,1,0
BRF:2
BRH:0
end_of_record
TN:
SF:packages/core/use-cases/session/ResumeSession.ts
FN:17,(anonymous_0)
FN:25,(anonymous_1)
FN:56,(anonymous_2)
FN:65,(anonymous_3)
FNF:4
FNH:0
FNDA:0,(anonymous_0)
FNDA:0,(anonymous_1)
FNDA:0,(anonymous_2)
FNDA:0,(anonymous_3)
DA:4,0
DA:5,0
DA:6,0
DA:7,0
DA:8,0
DA:9,0
DA:11,0
DA:13,0
DA:18,0
DA:19,0
DA:27,0
DA:28,0
DA:29,0
DA:32,0
DA:33,0
DA:36,0
DA:37,0
DA:38,0
DA:39,0
DA:42,0
DA:43,0
DA:48,0
DA:49,0
DA:52,0
DA:53,0
DA:56,0
DA:57,0
DA:58,0
DA:59,0
DA:62,0
DA:65,0
DA:73,0
DA:74,0
DA:76,0
DA:79,0
DA:82,0
DA:83,0
DA:86,0
DA:90,0
DA:91,0
DA:93,0
DA:94,0
DA:95,0
DA:96,0
DA:98,0
DA:99,0
DA:101,0
DA:104,0
DA:108,0
DA:112,0
DA:113,0
DA:115,0
DA:116,0
DA:117,0
DA:118,0
DA:120,0
DA:121,0
DA:123,0
DA:126,0
DA:130,0
DA:133,0
DA:134,0
DA:135,0
DA:137,0
DA:138,0
DA:141,0
LF:66
LH:0
BRDA:18,0,0,0
BRDA:18,0,1,0
BRDA:19,1,0,0
BRDA:19,1,1,0
BRDA:28,2,0,0
BRDA:38,3,0,0
BRDA:38,3,1,0
BRDA:38,4,0,0
BRDA:38,4,1,0
BRDA:48,5,0,0
BRDA:48,5,1,0
BRDA:52,6,0,0
BRDA:52,6,1,0
BRDA:52,7,0,0
BRDA:52,7,1,0
BRDA:57,8,0,0
BRDA:57,8,1,0
BRDA:58,9,0,0
BRDA:58,9,1,0
BRDA:73,10,0,0
BRDA:73,10,1,0
BRDA:90,11,0,0
BRDA:90,11,1,0
BRDA:90,12,0,0
BRDA:90,12,1,0
BRDA:98,13,0,0
BRDA:98,13,1,0
BRDA:112,14,0,0
BRDA:112,14,1,0
BRDA:112,15,0,0
BRDA:112,15,1,0
BRDA:120,16,0,0
BRDA:120,16,1,0
BRDA:134,17,0,0
BRDA:137,18,0,0
BRF:35
BRH:0
end_of_record
TN:
SF:packages/core/use-cases/session/SaveSession.ts
FN:10,(anonymous_0)
FN:14,(anonymous_1)
FNF:2
FNH:0
FNDA:0,(anonymous_0)
FNDA:0,(anonymous_1)
DA:4,0
DA:5,0
DA:7,0
DA:11,0
DA:26,0
DA:27,0
DA:29,0
LF:7
LH:0
BRDA:11,0,0,0
BRDA:11,0,1,0
BRDA:36,1,0,0
BRDA:36,1,1,0
BRDA:37,2,0,0
BRDA:37,2,1,0
BRF:6
BRH:0
end_of_record
TN:
SF:packages/core/use-cases/session/UpdateSession.ts
FN:9,(anonymous_0)
FN:13,(anonymous_1)
FNF:2
FNH:0
FNDA:0,(anonymous_0)
FNDA:0,(anonymous_1)
DA:4,0
DA:6,0
DA:10,0
DA:23,0
LF:4
LH:0
BRDA:10,0,0,0
BRDA:10,0,1,0
BRF:2
BRH:0
end_of_record
TN:
SF:packages/core/use-cases/terminals/CreateTerminalCollection.ts
FN:9,(anonymous_0)
FN:13,(anonymous_1)
FNF:2
FNH:0
FNDA:0,(anonymous_0)
FNDA:0,(anonymous_1)
DA:2,0
DA:6,0
DA:10,0
DA:14,0
LF:4
LH:0
BRDA:10,0,0,0
BRDA:10,0,1,0
BRF:2
BRH:0
end_of_record
TN:
SF:packages/core/use-cases/terminals/DeleteTerminalCollection.ts
FN:8,(anonymous_0)
FN:12,(anonymous_1)
FNF:2
FNH:0
FNDA:0,(anonymous_0)
FNDA:0,(anonymous_1)
DA:2,0
DA:5,0
DA:9,0
DA:13,0
LF:4
LH:0
BRDA:9,0,0,0
BRDA:9,0,1,0
BRF:2
BRH:0
end_of_record
TN:
SF:packages/core/use-cases/terminals/DeleteTerminalCollections.ts
FN:8,(anonymous_0)
FN:12,(anonymous_1)
FNF:2
FNH:0
FNDA:0,(anonymous_0)
FNDA:0,(anonymous_1)
DA:2,0
DA:5,0
DA:9,0
DA:13,0
LF:4
LH:0
BRDA:9,0,0,0
BRDA:9,0,1,0
BRF:2
BRH:0
end_of_record
TN:
SF:packages/core/use-cases/terminals/ExecuteTerminalCollection.ts
FN:8,(anonymous_0)
FN:12,(anonymous_1)
FNF:2
FNH:0
FNDA:0,(anonymous_0)
FNDA:0,(anonymous_1)
DA:2,0
DA:5,0
DA:9,0
DA:13,0
LF:4
LH:0
BRDA:9,0,0,0
BRDA:9,0,1,0
BRF:2
BRH:0
end_of_record
TN:
SF:packages/core/use-cases/terminals/ExportTerminalCollections.ts
FN:38,(anonymous_9)
FN:43,(anonymous_10)
FN:71,(anonymous_11)
FN:117,(anonymous_12)
FN:129,(anonymous_13)
FN:144,(anonymous_14)
FN:158,(anonymous_15)
FN:172,(anonymous_16)
FN:177,(anonymous_17)
FNF:9
FNH:0
FNDA:0,(anonymous_9)
FNDA:0,(anonymous_10)
FNDA:0,(anonymous_11)
FNDA:0,(anonymous_12)
FNDA:0,(anonymous_13)
FNDA:0,(anonymous_14)
FNDA:0,(anonymous_15)
FNDA:0,(anonymous_16)
FNDA:0,(anonymous_17)
DA:4,0
DA:5,0
DA:6,0
DA:35,0
DA:40,0
DA:44,0
DA:45,0
DA:48,0
DA:50,0
DA:53,0
DA:56,0
DA:57,0
DA:64,0
DA:67,0
DA:68,0
DA:71,0
DA:74,0
DA:90,0
DA:91,0
DA:93,0
DA:110,0
DA:118,0
DA:120,0
DA:121,0
DA:122,0
DA:123,0
DA:125,0
DA:128,0
DA:129,0
DA:130,0
DA:131,0
DA:137,0
DA:141,0
DA:145,0
DA:151,0
DA:152,0
DA:155,0
DA:159,0
DA:160,0
DA:162,0
DA:163,0
DA:166,0
DA:169,0
DA:173,0
DA:174,0
DA:178,0
DA:180,0
DA:184,0
DA:185,0
DA:190,0
DA:192,0
DA:194,0
DA:195,0
DA:197,0
DA:198,0
DA:199,0
DA:200,0
DA:202,0
DA:205,0
LF:59
LH:0
BRDA:43,0,0,0
BRDA:48,1,0,0
BRDA:48,1,1,0
BRDA:48,2,0,0
BRDA:48,2,1,0
BRDA:48,2,2,0
BRDA:56,3,0,0
BRDA:78,4,0,0
BRDA:78,4,1,0
BRDA:79,5,0,0
BRDA:79,5,1,0
BRDA:80,6,0,0
BRDA:80,6,1,0
BRDA:84,7,0,0
BRDA:84,7,1,0
BRDA:112,8,0,0
BRDA:112,8,1,0
BRDA:123,9,0,0
BRDA:128,10,0,0
BRDA:130,11,0,0
BRDA:151,12,0,0
BRDA:173,13,0,0
BRDA:173,13,1,0
BRDA:173,13,2,0
BRDA:178,14,0,0
BRDA:180,15,0,0
BRDA:180,15,1,0
BRDA:192,16,0,0
BRDA:192,16,1,0
BRDA:192,17,0,0
BRDA:192,17,1,0
BRDA:195,18,0,0
BRDA:195,18,1,0
BRDA:198,19,0,0
BRDA:198,19,1,0
BRDA:200,20,0,0
BRF:36
BRH:0
end_of_record
TN:
SF:packages/core/use-cases/terminals/GetTerminalCollectionById.ts
FN:9,(anonymous_0)
FN:13,(anonymous_1)
FNF:2
FNH:0
FNDA:0,(anonymous_0)
FNDA:0,(anonymous_1)
DA:2,0
DA:6,0
DA:10,0
DA:14,0
LF:4
LH:0
BRDA:10,0,0,0
BRDA:10,0,1,0
BRF:2
BRH:0
end_of_record
TN:
SF:packages/core/use-cases/terminals/GetTerminalCollections.ts
FN:16,(anonymous_0)
FN:20,(anonymous_1)
FNF:2
FNH:0
FNDA:0,(anonymous_0)
FNDA:0,(anonymous_1)
DA:2,0
DA:13,0
DA:17,0
DA:21,0
DA:22,0
DA:23,0
LF:6
LH:0
BRDA:17,0,0,0
BRDA:17,0,1,0
BRF:2
BRH:0
end_of_record
TN:
SF:packages/core/use-cases/terminals/UpdateTerminalCollection.ts
FN:9,(anonymous_0)
FN:13,(anonymous_1)
FNF:2
FNH:0
FNDA:0,(anonymous_0)
FNDA:0,(anonymous_1)
DA:2,0
DA:6,0
DA:10,0
DA:15,0
LF:4
LH:0
BRDA:10,0,0,0
BRDA:10,0,1,0
BRF:2
BRH:0
end_of_record
